Build started 21-11-2021 12:50:46.
     1>Project "D:\Speech-Processing-Project\Microsoft Form based GUI\final_sp_ui\final_sp_ui.vcxproj" on node 2 (build target(s)).
     1>InitializeBuildStatus:
         Creating "Debug\final_sp_ui.unsuccessfulbuild" because "AlwaysCreate" was specified.
       GenerateTargetFrameworkMonikerAttribute:
       Skipping target "GenerateTargetFrameworkMonikerAttribute" because all output files are up-to-date with respect to the input files.
       ClCompile:
         All outputs are up-to-date.
         All outputs are up-to-date.
         All outputs are up-to-date.
       CoreResGen:
         No resources are out of date with respect to their source files. Skipping resource generation.
       ResourceCompile:
         All outputs are up-to-date.
       Link:
         All outputs are up-to-date.
         final_sp_ui.vcxproj -> D:\Speech-Processing-Project\Microsoft Form based GUI\Debug\final_sp_ui.exe
       FinalizeBuildStatus:
         Deleting file "Debug\final_sp_ui.unsuccessfulbuild".
         Touching "Debug\final_sp_ui.lastbuildstate".
     1>Done Building Project "D:\Speech-Processing-Project\Microsoft Form based GUI\final_sp_ui\final_sp_ui.vcxproj" (build target(s)).

Build succeeded.

Time Elapsed 00:00:00.10
