C:\USERS\JAYKH\DOCUMENTS\VISUAL STUDIO 2010\PROJECTS\FINAL_SP_UI\DEBUG\FINAL_SP_UI.EXE
C:\USERS\JAYKH\DOCUMENTS\VISUAL STUDIO 2010\PROJECTS\FINAL_SP_UI\DEBUG\FINAL_SP_UI.ILK
C:\USERS\JAYKH\DOCUMENTS\VISUAL STUDIO 2010\PROJECTS\FINAL_SP_UI\DEBUG\FINAL_SP_UI.PDB
C:\USERS\JAYKH\DOCUMENTS\VISUAL STUDIO 2010\PROJECTS\FINAL_SP_UI\FINAL_SP_UI\DEBUG\.NETFRAMEWORK,VERSION=V4.0.ASSEMBLYATTRIBUTES.OBJ
C:\USERS\JAYKH\DOCUMENTS\VISUAL STUDIO 2010\PROJECTS\FINAL_SP_UI\FINAL_SP_UI\DEBUG\APP.RES
C:\USERS\JAYKH\DOCUMENTS\VISUAL STUDIO 2010\PROJECTS\FINAL_SP_UI\FINAL_SP_UI\DEBUG\ASSEMBLYINFO.OBJ
C:\USERS\JAYKH\DOCUMENTS\VISUAL STUDIO 2010\PROJECTS\FINAL_SP_UI\FINAL_SP_UI\DEBUG\FINAL_SP_UI.EXE.INTERMEDIATE.MANIFEST
C:\USERS\JAYKH\DOCUMENTS\VISUAL STUDIO 2010\PROJECTS\FINAL_SP_UI\FINAL_SP_UI\DEBUG\FINAL_SP_UI.OBJ
C:\USERS\JAYKH\DOCUMENTS\VISUAL STUDIO 2010\PROJECTS\FINAL_SP_UI\FINAL_SP_UI\DEBUG\FINAL_SP_UI.PCH
C:\USERS\JAYKH\DOCUMENTS\VISUAL STUDIO 2010\PROJECTS\FINAL_SP_UI\FINAL_SP_UI\DEBUG\STDAFX.OBJ
C:\USERS\JAYKH\DOCUMENTS\VISUAL STUDIO 2010\PROJECTS\FINAL_SP_UI\FINAL_SP_UI\DEBUG\VC100.PDB
C:\USERS\JAYKH\DOCUMENTS\VISUAL STUDIO 2010\PROJECTS\GITHUB\SPEECH-PROCESSING-PROJECT\MICROSOFT FORM BASED GUI\DEBUG\FINAL_SP_UI.EXE
C:\USERS\JAYKH\DOCUMENTS\VISUAL STUDIO 2010\PROJECTS\GITHUB\SPEECH-PROCESSING-PROJECT\MICROSOFT FORM BASED GUI\DEBUG\FINAL_SP_UI.ILK
C:\USERS\JAYKH\DOCUMENTS\VISUAL STUDIO 2010\PROJECTS\GITHUB\SPEECH-PROCESSING-PROJECT\MICROSOFT FORM BASED GUI\DEBUG\FINAL_SP_UI.PDB
C:\USERS\JAYKH\DOCUMENTS\VISUAL STUDIO 2010\PROJECTS\GITHUB\SPEECH-PROCESSING-PROJECT\MICROSOFT FORM BASED GUI\FINAL_SP_UI\DEBUG\APP.RES
C:\USERS\JAYKH\DOCUMENTS\VISUAL STUDIO 2010\PROJECTS\GITHUB\SPEECH-PROCESSING-PROJECT\MICROSOFT FORM BASED GUI\FINAL_SP_UI\DEBUG\ASSEMBLYINFO.OBJ
C:\USERS\JAYKH\DOCUMENTS\VISUAL STUDIO 2010\PROJECTS\GITHUB\SPEECH-PROCESSING-PROJECT\MICROSOFT FORM BASED GUI\FINAL_SP_UI\DEBUG\FINAL_SP_UI.EXE.INTERMEDIATE.MANIFEST
C:\USERS\JAYKH\DOCUMENTS\VISUAL STUDIO 2010\PROJECTS\GITHUB\SPEECH-PROCESSING-PROJECT\MICROSOFT FORM BASED GUI\FINAL_SP_UI\DEBUG\FINAL_SP_UI.OBJ
C:\USERS\JAYKH\DOCUMENTS\VISUAL STUDIO 2010\PROJECTS\GITHUB\SPEECH-PROCESSING-PROJECT\MICROSOFT FORM BASED GUI\FINAL_SP_UI\DEBUG\FINAL_SP_UI.PCH
C:\USERS\JAYKH\DOCUMENTS\VISUAL STUDIO 2010\PROJECTS\GITHUB\SPEECH-PROCESSING-PROJECT\MICROSOFT FORM BASED GUI\FINAL_SP_UI\DEBUG\STDAFX.OBJ
C:\USERS\JAYKH\DOCUMENTS\VISUAL STUDIO 2010\PROJECTS\GITHUB\SPEECH-PROCESSING-PROJECT\MICROSOFT FORM BASED GUI\FINAL_SP_UI\DEBUG\VC100.PDB
C:\USERS\JAYKH\DOWNLOADS\ABHIJITH_GUI_UPDATE\SPEECH-PROCESSING-PROJECT-JAY-WORKING\MICROSOFT FORM BASED GUI\DEBUG\FINAL_SP_UI.EXE
C:\USERS\JAYKH\DOWNLOADS\ABHIJITH_GUI_UPDATE\SPEECH-PROCESSING-PROJECT-JAY-WORKING\MICROSOFT FORM BASED GUI\DEBUG\FINAL_SP_UI.ILK
C:\USERS\JAYKH\DOWNLOADS\ABHIJITH_GUI_UPDATE\SPEECH-PROCESSING-PROJECT-JAY-WORKING\MICROSOFT FORM BASED GUI\DEBUG\FINAL_SP_UI.PDB
C:\Users\jaykh\Downloads\abhijith_gui_update\Speech-Processing-Project-jay-working\Microsoft Form based GUI\final_sp_ui\Debug\.NETFramework,Version=v4.0.AssemblyAttributes.obj
C:\USERS\JAYKH\DOWNLOADS\ABHIJITH_GUI_UPDATE\SPEECH-PROCESSING-PROJECT-JAY-WORKING\MICROSOFT FORM BASED GUI\FINAL_SP_UI\DEBUG\APP.RES
C:\USERS\JAYKH\DOWNLOADS\ABHIJITH_GUI_UPDATE\SPEECH-PROCESSING-PROJECT-JAY-WORKING\MICROSOFT FORM BASED GUI\FINAL_SP_UI\DEBUG\ASSEMBLYINFO.OBJ
C:\Users\jaykh\Downloads\abhijith_gui_update\Speech-Processing-Project-jay-working\Microsoft Form based GUI\final_sp_ui\Debug\cl.command.1.tlog
C:\Users\jaykh\Downloads\abhijith_gui_update\Speech-Processing-Project-jay-working\Microsoft Form based GUI\final_sp_ui\Debug\CL.read.1.tlog
C:\Users\jaykh\Downloads\abhijith_gui_update\Speech-Processing-Project-jay-working\Microsoft Form based GUI\final_sp_ui\Debug\CL.write.1.tlog
C:\USERS\JAYKH\DOWNLOADS\ABHIJITH_GUI_UPDATE\SPEECH-PROCESSING-PROJECT-JAY-WORKING\MICROSOFT FORM BASED GUI\FINAL_SP_UI\DEBUG\FINAL_SP_UI.EXE.INTERMEDIATE.MANIFEST
C:\Users\jaykh\Downloads\abhijith_gui_update\Speech-Processing-Project-jay-working\Microsoft Form based GUI\final_sp_ui\Debug\final_sp_ui.Form1.resources
C:\USERS\JAYKH\DOWNLOADS\ABHIJITH_GUI_UPDATE\SPEECH-PROCESSING-PROJECT-JAY-WORKING\MICROSOFT FORM BASED GUI\FINAL_SP_UI\DEBUG\FINAL_SP_UI.OBJ
C:\USERS\JAYKH\DOWNLOADS\ABHIJITH_GUI_UPDATE\SPEECH-PROCESSING-PROJECT-JAY-WORKING\MICROSOFT FORM BASED GUI\FINAL_SP_UI\DEBUG\FINAL_SP_UI.PCH
C:\Users\jaykh\Downloads\abhijith_gui_update\Speech-Processing-Project-jay-working\Microsoft Form based GUI\final_sp_ui\Debug\final_sp_ui.vcxproj.GenerateResource.Cache
C:\Users\jaykh\Downloads\abhijith_gui_update\Speech-Processing-Project-jay-working\Microsoft Form based GUI\final_sp_ui\Debug\final_sp_ui.vcxprojResolveAssemblyReference.cache
C:\Users\jaykh\Downloads\abhijith_gui_update\Speech-Processing-Project-jay-working\Microsoft Form based GUI\final_sp_ui\Debug\final_sp_ui.write.1.tlog
C:\Users\jaykh\Downloads\abhijith_gui_update\Speech-Processing-Project-jay-working\Microsoft Form based GUI\final_sp_ui\Debug\link.10408.read.1.tlog
C:\Users\jaykh\Downloads\abhijith_gui_update\Speech-Processing-Project-jay-working\Microsoft Form based GUI\final_sp_ui\Debug\link.10408.write.1.tlog
C:\Users\jaykh\Downloads\abhijith_gui_update\Speech-Processing-Project-jay-working\Microsoft Form based GUI\final_sp_ui\Debug\link.10408-cvtres.read.1.tlog
C:\Users\jaykh\Downloads\abhijith_gui_update\Speech-Processing-Project-jay-working\Microsoft Form based GUI\final_sp_ui\Debug\link.10408-cvtres.write.1.tlog
C:\Users\jaykh\Downloads\abhijith_gui_update\Speech-Processing-Project-jay-working\Microsoft Form based GUI\final_sp_ui\Debug\link.10412.read.1.tlog
C:\Users\jaykh\Downloads\abhijith_gui_update\Speech-Processing-Project-jay-working\Microsoft Form based GUI\final_sp_ui\Debug\link.10412.read.2.tlog
C:\Users\jaykh\Downloads\abhijith_gui_update\Speech-Processing-Project-jay-working\Microsoft Form based GUI\final_sp_ui\Debug\link.10412.write.1.tlog
C:\Users\jaykh\Downloads\abhijith_gui_update\Speech-Processing-Project-jay-working\Microsoft Form based GUI\final_sp_ui\Debug\link.10412-cvtres.read.1.tlog
C:\Users\jaykh\Downloads\abhijith_gui_update\Speech-Processing-Project-jay-working\Microsoft Form based GUI\final_sp_ui\Debug\link.10412-cvtres.write.1.tlog
C:\Users\jaykh\Downloads\abhijith_gui_update\Speech-Processing-Project-jay-working\Microsoft Form based GUI\final_sp_ui\Debug\link.1044.read.1.tlog
C:\Users\jaykh\Downloads\abhijith_gui_update\Speech-Processing-Project-jay-working\Microsoft Form based GUI\final_sp_ui\Debug\link.1044.read.2.tlog
C:\Users\jaykh\Downloads\abhijith_gui_update\Speech-Processing-Project-jay-working\Microsoft Form based GUI\final_sp_ui\Debug\link.1044.write.1.tlog
C:\Users\jaykh\Downloads\abhijith_gui_update\Speech-Processing-Project-jay-working\Microsoft Form based GUI\final_sp_ui\Debug\link.1044-cvtres.read.1.tlog
C:\Users\jaykh\Downloads\abhijith_gui_update\Speech-Processing-Project-jay-working\Microsoft Form based GUI\final_sp_ui\Debug\link.1044-cvtres.write.1.tlog
C:\Users\jaykh\Downloads\abhijith_gui_update\Speech-Processing-Project-jay-working\Microsoft Form based GUI\final_sp_ui\Debug\link.10648.read.1.tlog
C:\Users\jaykh\Downloads\abhijith_gui_update\Speech-Processing-Project-jay-working\Microsoft Form based GUI\final_sp_ui\Debug\link.10648.write.1.tlog
C:\Users\jaykh\Downloads\abhijith_gui_update\Speech-Processing-Project-jay-working\Microsoft Form based GUI\final_sp_ui\Debug\link.10648-cvtres.read.1.tlog
C:\Users\jaykh\Downloads\abhijith_gui_update\Speech-Processing-Project-jay-working\Microsoft Form based GUI\final_sp_ui\Debug\link.10648-cvtres.write.1.tlog
C:\Users\jaykh\Downloads\abhijith_gui_update\Speech-Processing-Project-jay-working\Microsoft Form based GUI\final_sp_ui\Debug\link.10688.read.1.tlog
C:\Users\jaykh\Downloads\abhijith_gui_update\Speech-Processing-Project-jay-working\Microsoft Form based GUI\final_sp_ui\Debug\link.10688.read.2.tlog
C:\Users\jaykh\Downloads\abhijith_gui_update\Speech-Processing-Project-jay-working\Microsoft Form based GUI\final_sp_ui\Debug\link.10688.write.1.tlog
C:\Users\jaykh\Downloads\abhijith_gui_update\Speech-Processing-Project-jay-working\Microsoft Form based GUI\final_sp_ui\Debug\link.10688-cvtres.read.1.tlog
C:\Users\jaykh\Downloads\abhijith_gui_update\Speech-Processing-Project-jay-working\Microsoft Form based GUI\final_sp_ui\Debug\link.10688-cvtres.write.1.tlog
C:\Users\jaykh\Downloads\abhijith_gui_update\Speech-Processing-Project-jay-working\Microsoft Form based GUI\final_sp_ui\Debug\link.10840.read.1.tlog
C:\Users\jaykh\Downloads\abhijith_gui_update\Speech-Processing-Project-jay-working\Microsoft Form based GUI\final_sp_ui\Debug\link.10840.read.2.tlog
C:\Users\jaykh\Downloads\abhijith_gui_update\Speech-Processing-Project-jay-working\Microsoft Form based GUI\final_sp_ui\Debug\link.10840.write.1.tlog
C:\Users\jaykh\Downloads\abhijith_gui_update\Speech-Processing-Project-jay-working\Microsoft Form based GUI\final_sp_ui\Debug\link.10840-cvtres.read.1.tlog
C:\Users\jaykh\Downloads\abhijith_gui_update\Speech-Processing-Project-jay-working\Microsoft Form based GUI\final_sp_ui\Debug\link.10840-cvtres.write.1.tlog
C:\Users\jaykh\Downloads\abhijith_gui_update\Speech-Processing-Project-jay-working\Microsoft Form based GUI\final_sp_ui\Debug\link.1096.read.1.tlog
C:\Users\jaykh\Downloads\abhijith_gui_update\Speech-Processing-Project-jay-working\Microsoft Form based GUI\final_sp_ui\Debug\link.1096.write.1.tlog
C:\Users\jaykh\Downloads\abhijith_gui_update\Speech-Processing-Project-jay-working\Microsoft Form based GUI\final_sp_ui\Debug\link.1096-cvtres.read.1.tlog
C:\Users\jaykh\Downloads\abhijith_gui_update\Speech-Processing-Project-jay-working\Microsoft Form based GUI\final_sp_ui\Debug\link.1096-cvtres.write.1.tlog
C:\Users\jaykh\Downloads\abhijith_gui_update\Speech-Processing-Project-jay-working\Microsoft Form based GUI\final_sp_ui\Debug\link.11224.read.1.tlog
C:\Users\jaykh\Downloads\abhijith_gui_update\Speech-Processing-Project-jay-working\Microsoft Form based GUI\final_sp_ui\Debug\link.11224.read.2.tlog
C:\Users\jaykh\Downloads\abhijith_gui_update\Speech-Processing-Project-jay-working\Microsoft Form based GUI\final_sp_ui\Debug\link.11224.write.1.tlog
C:\Users\jaykh\Downloads\abhijith_gui_update\Speech-Processing-Project-jay-working\Microsoft Form based GUI\final_sp_ui\Debug\link.11224-cvtres.read.1.tlog
C:\Users\jaykh\Downloads\abhijith_gui_update\Speech-Processing-Project-jay-working\Microsoft Form based GUI\final_sp_ui\Debug\link.11224-cvtres.write.1.tlog
C:\Users\jaykh\Downloads\abhijith_gui_update\Speech-Processing-Project-jay-working\Microsoft Form based GUI\final_sp_ui\Debug\link.11480.read.1.tlog
C:\Users\jaykh\Downloads\abhijith_gui_update\Speech-Processing-Project-jay-working\Microsoft Form based GUI\final_sp_ui\Debug\link.11480.write.1.tlog
C:\Users\jaykh\Downloads\abhijith_gui_update\Speech-Processing-Project-jay-working\Microsoft Form based GUI\final_sp_ui\Debug\link.11480-cvtres.read.1.tlog
C:\Users\jaykh\Downloads\abhijith_gui_update\Speech-Processing-Project-jay-working\Microsoft Form based GUI\final_sp_ui\Debug\link.11480-cvtres.write.1.tlog
C:\Users\jaykh\Downloads\abhijith_gui_update\Speech-Processing-Project-jay-working\Microsoft Form based GUI\final_sp_ui\Debug\link.11492.read.1.tlog
C:\Users\jaykh\Downloads\abhijith_gui_update\Speech-Processing-Project-jay-working\Microsoft Form based GUI\final_sp_ui\Debug\link.11492.write.1.tlog
C:\Users\jaykh\Downloads\abhijith_gui_update\Speech-Processing-Project-jay-working\Microsoft Form based GUI\final_sp_ui\Debug\link.11492-cvtres.read.1.tlog
C:\Users\jaykh\Downloads\abhijith_gui_update\Speech-Processing-Project-jay-working\Microsoft Form based GUI\final_sp_ui\Debug\link.11492-cvtres.write.1.tlog
C:\Users\jaykh\Downloads\abhijith_gui_update\Speech-Processing-Project-jay-working\Microsoft Form based GUI\final_sp_ui\Debug\link.11512.read.1.tlog
C:\Users\jaykh\Downloads\abhijith_gui_update\Speech-Processing-Project-jay-working\Microsoft Form based GUI\final_sp_ui\Debug\link.11512.write.1.tlog
C:\Users\jaykh\Downloads\abhijith_gui_update\Speech-Processing-Project-jay-working\Microsoft Form based GUI\final_sp_ui\Debug\link.11512-cvtres.read.1.tlog
C:\Users\jaykh\Downloads\abhijith_gui_update\Speech-Processing-Project-jay-working\Microsoft Form based GUI\final_sp_ui\Debug\link.11512-cvtres.write.1.tlog
C:\Users\jaykh\Downloads\abhijith_gui_update\Speech-Processing-Project-jay-working\Microsoft Form based GUI\final_sp_ui\Debug\link.11552.read.1.tlog
C:\Users\jaykh\Downloads\abhijith_gui_update\Speech-Processing-Project-jay-working\Microsoft Form based GUI\final_sp_ui\Debug\link.11552.write.1.tlog
C:\Users\jaykh\Downloads\abhijith_gui_update\Speech-Processing-Project-jay-working\Microsoft Form based GUI\final_sp_ui\Debug\link.11552-cvtres.read.1.tlog
C:\Users\jaykh\Downloads\abhijith_gui_update\Speech-Processing-Project-jay-working\Microsoft Form based GUI\final_sp_ui\Debug\link.11552-cvtres.write.1.tlog
C:\Users\jaykh\Downloads\abhijith_gui_update\Speech-Processing-Project-jay-working\Microsoft Form based GUI\final_sp_ui\Debug\link.1200.read.1.tlog
C:\Users\jaykh\Downloads\abhijith_gui_update\Speech-Processing-Project-jay-working\Microsoft Form based GUI\final_sp_ui\Debug\link.1200.read.2.tlog
C:\Users\jaykh\Downloads\abhijith_gui_update\Speech-Processing-Project-jay-working\Microsoft Form based GUI\final_sp_ui\Debug\link.1200.write.1.tlog
C:\Users\jaykh\Downloads\abhijith_gui_update\Speech-Processing-Project-jay-working\Microsoft Form based GUI\final_sp_ui\Debug\link.1200-cvtres.read.1.tlog
C:\Users\jaykh\Downloads\abhijith_gui_update\Speech-Processing-Project-jay-working\Microsoft Form based GUI\final_sp_ui\Debug\link.1200-cvtres.write.1.tlog
C:\Users\jaykh\Downloads\abhijith_gui_update\Speech-Processing-Project-jay-working\Microsoft Form based GUI\final_sp_ui\Debug\link.12084.read.1.tlog
C:\Users\jaykh\Downloads\abhijith_gui_update\Speech-Processing-Project-jay-working\Microsoft Form based GUI\final_sp_ui\Debug\link.12084.read.2.tlog
C:\Users\jaykh\Downloads\abhijith_gui_update\Speech-Processing-Project-jay-working\Microsoft Form based GUI\final_sp_ui\Debug\link.12084.write.1.tlog
C:\Users\jaykh\Downloads\abhijith_gui_update\Speech-Processing-Project-jay-working\Microsoft Form based GUI\final_sp_ui\Debug\link.12084-cvtres.read.1.tlog
C:\Users\jaykh\Downloads\abhijith_gui_update\Speech-Processing-Project-jay-working\Microsoft Form based GUI\final_sp_ui\Debug\link.12084-cvtres.write.1.tlog
C:\Users\jaykh\Downloads\abhijith_gui_update\Speech-Processing-Project-jay-working\Microsoft Form based GUI\final_sp_ui\Debug\link.12108.read.1.tlog
C:\Users\jaykh\Downloads\abhijith_gui_update\Speech-Processing-Project-jay-working\Microsoft Form based GUI\final_sp_ui\Debug\link.12108.read.2.tlog
C:\Users\jaykh\Downloads\abhijith_gui_update\Speech-Processing-Project-jay-working\Microsoft Form based GUI\final_sp_ui\Debug\link.12108.write.1.tlog
C:\Users\jaykh\Downloads\abhijith_gui_update\Speech-Processing-Project-jay-working\Microsoft Form based GUI\final_sp_ui\Debug\link.12108-cvtres.read.1.tlog
C:\Users\jaykh\Downloads\abhijith_gui_update\Speech-Processing-Project-jay-working\Microsoft Form based GUI\final_sp_ui\Debug\link.12108-cvtres.write.1.tlog
C:\Users\jaykh\Downloads\abhijith_gui_update\Speech-Processing-Project-jay-working\Microsoft Form based GUI\final_sp_ui\Debug\link.12148.read.1.tlog
C:\Users\jaykh\Downloads\abhijith_gui_update\Speech-Processing-Project-jay-working\Microsoft Form based GUI\final_sp_ui\Debug\link.12148.write.1.tlog
C:\Users\jaykh\Downloads\abhijith_gui_update\Speech-Processing-Project-jay-working\Microsoft Form based GUI\final_sp_ui\Debug\link.12148-cvtres.read.1.tlog
C:\Users\jaykh\Downloads\abhijith_gui_update\Speech-Processing-Project-jay-working\Microsoft Form based GUI\final_sp_ui\Debug\link.12148-cvtres.write.1.tlog
C:\Users\jaykh\Downloads\abhijith_gui_update\Speech-Processing-Project-jay-working\Microsoft Form based GUI\final_sp_ui\Debug\link.12332.read.1.tlog
C:\Users\jaykh\Downloads\abhijith_gui_update\Speech-Processing-Project-jay-working\Microsoft Form based GUI\final_sp_ui\Debug\link.12332.write.1.tlog
C:\Users\jaykh\Downloads\abhijith_gui_update\Speech-Processing-Project-jay-working\Microsoft Form based GUI\final_sp_ui\Debug\link.12332-cvtres.read.1.tlog
C:\Users\jaykh\Downloads\abhijith_gui_update\Speech-Processing-Project-jay-working\Microsoft Form based GUI\final_sp_ui\Debug\link.12332-cvtres.write.1.tlog
C:\Users\jaykh\Downloads\abhijith_gui_update\Speech-Processing-Project-jay-working\Microsoft Form based GUI\final_sp_ui\Debug\link.124.read.1.tlog
C:\Users\jaykh\Downloads\abhijith_gui_update\Speech-Processing-Project-jay-working\Microsoft Form based GUI\final_sp_ui\Debug\link.124.write.1.tlog
C:\Users\jaykh\Downloads\abhijith_gui_update\Speech-Processing-Project-jay-working\Microsoft Form based GUI\final_sp_ui\Debug\link.124-cvtres.read.1.tlog
C:\Users\jaykh\Downloads\abhijith_gui_update\Speech-Processing-Project-jay-working\Microsoft Form based GUI\final_sp_ui\Debug\link.124-cvtres.write.1.tlog
C:\Users\jaykh\Downloads\abhijith_gui_update\Speech-Processing-Project-jay-working\Microsoft Form based GUI\final_sp_ui\Debug\link.12552.read.1.tlog
C:\Users\jaykh\Downloads\abhijith_gui_update\Speech-Processing-Project-jay-working\Microsoft Form based GUI\final_sp_ui\Debug\link.12552.write.1.tlog
C:\Users\jaykh\Downloads\abhijith_gui_update\Speech-Processing-Project-jay-working\Microsoft Form based GUI\final_sp_ui\Debug\link.12552-cvtres.read.1.tlog
C:\Users\jaykh\Downloads\abhijith_gui_update\Speech-Processing-Project-jay-working\Microsoft Form based GUI\final_sp_ui\Debug\link.12552-cvtres.write.1.tlog
C:\Users\jaykh\Downloads\abhijith_gui_update\Speech-Processing-Project-jay-working\Microsoft Form based GUI\final_sp_ui\Debug\link.12632.read.1.tlog
C:\Users\jaykh\Downloads\abhijith_gui_update\Speech-Processing-Project-jay-working\Microsoft Form based GUI\final_sp_ui\Debug\link.12632.read.2.tlog
C:\Users\jaykh\Downloads\abhijith_gui_update\Speech-Processing-Project-jay-working\Microsoft Form based GUI\final_sp_ui\Debug\link.12632.write.1.tlog
C:\Users\jaykh\Downloads\abhijith_gui_update\Speech-Processing-Project-jay-working\Microsoft Form based GUI\final_sp_ui\Debug\link.12632-cvtres.read.1.tlog
C:\Users\jaykh\Downloads\abhijith_gui_update\Speech-Processing-Project-jay-working\Microsoft Form based GUI\final_sp_ui\Debug\link.12632-cvtres.write.1.tlog
C:\Users\jaykh\Downloads\abhijith_gui_update\Speech-Processing-Project-jay-working\Microsoft Form based GUI\final_sp_ui\Debug\link.13088.read.1.tlog
C:\Users\jaykh\Downloads\abhijith_gui_update\Speech-Processing-Project-jay-working\Microsoft Form based GUI\final_sp_ui\Debug\link.13088.write.1.tlog
C:\Users\jaykh\Downloads\abhijith_gui_update\Speech-Processing-Project-jay-working\Microsoft Form based GUI\final_sp_ui\Debug\link.13088-cvtres.read.1.tlog
C:\Users\jaykh\Downloads\abhijith_gui_update\Speech-Processing-Project-jay-working\Microsoft Form based GUI\final_sp_ui\Debug\link.13088-cvtres.write.1.tlog
C:\Users\jaykh\Downloads\abhijith_gui_update\Speech-Processing-Project-jay-working\Microsoft Form based GUI\final_sp_ui\Debug\link.13164.read.1.tlog
C:\Users\jaykh\Downloads\abhijith_gui_update\Speech-Processing-Project-jay-working\Microsoft Form based GUI\final_sp_ui\Debug\link.13164.write.1.tlog
C:\Users\jaykh\Downloads\abhijith_gui_update\Speech-Processing-Project-jay-working\Microsoft Form based GUI\final_sp_ui\Debug\link.13164-cvtres.read.1.tlog
C:\Users\jaykh\Downloads\abhijith_gui_update\Speech-Processing-Project-jay-working\Microsoft Form based GUI\final_sp_ui\Debug\link.13164-cvtres.write.1.tlog
C:\Users\jaykh\Downloads\abhijith_gui_update\Speech-Processing-Project-jay-working\Microsoft Form based GUI\final_sp_ui\Debug\link.13176.read.1.tlog
C:\Users\jaykh\Downloads\abhijith_gui_update\Speech-Processing-Project-jay-working\Microsoft Form based GUI\final_sp_ui\Debug\link.13176.read.2.tlog
C:\Users\jaykh\Downloads\abhijith_gui_update\Speech-Processing-Project-jay-working\Microsoft Form based GUI\final_sp_ui\Debug\link.13176.write.1.tlog
C:\Users\jaykh\Downloads\abhijith_gui_update\Speech-Processing-Project-jay-working\Microsoft Form based GUI\final_sp_ui\Debug\link.13176-cvtres.read.1.tlog
C:\Users\jaykh\Downloads\abhijith_gui_update\Speech-Processing-Project-jay-working\Microsoft Form based GUI\final_sp_ui\Debug\link.13176-cvtres.write.1.tlog
C:\Users\jaykh\Downloads\abhijith_gui_update\Speech-Processing-Project-jay-working\Microsoft Form based GUI\final_sp_ui\Debug\link.13180.read.1.tlog
C:\Users\jaykh\Downloads\abhijith_gui_update\Speech-Processing-Project-jay-working\Microsoft Form based GUI\final_sp_ui\Debug\link.13180.read.2.tlog
C:\Users\jaykh\Downloads\abhijith_gui_update\Speech-Processing-Project-jay-working\Microsoft Form based GUI\final_sp_ui\Debug\link.13180.write.1.tlog
C:\Users\jaykh\Downloads\abhijith_gui_update\Speech-Processing-Project-jay-working\Microsoft Form based GUI\final_sp_ui\Debug\link.13180-cvtres.read.1.tlog
C:\Users\jaykh\Downloads\abhijith_gui_update\Speech-Processing-Project-jay-working\Microsoft Form based GUI\final_sp_ui\Debug\link.13180-cvtres.write.1.tlog
C:\Users\jaykh\Downloads\abhijith_gui_update\Speech-Processing-Project-jay-working\Microsoft Form based GUI\final_sp_ui\Debug\link.13396.read.1.tlog
C:\Users\jaykh\Downloads\abhijith_gui_update\Speech-Processing-Project-jay-working\Microsoft Form based GUI\final_sp_ui\Debug\link.13396.write.1.tlog
C:\Users\jaykh\Downloads\abhijith_gui_update\Speech-Processing-Project-jay-working\Microsoft Form based GUI\final_sp_ui\Debug\link.13396-cvtres.read.1.tlog
C:\Users\jaykh\Downloads\abhijith_gui_update\Speech-Processing-Project-jay-working\Microsoft Form based GUI\final_sp_ui\Debug\link.13396-cvtres.write.1.tlog
C:\Users\jaykh\Downloads\abhijith_gui_update\Speech-Processing-Project-jay-working\Microsoft Form based GUI\final_sp_ui\Debug\link.13444.read.1.tlog
C:\Users\jaykh\Downloads\abhijith_gui_update\Speech-Processing-Project-jay-working\Microsoft Form based GUI\final_sp_ui\Debug\link.13444.write.1.tlog
C:\Users\jaykh\Downloads\abhijith_gui_update\Speech-Processing-Project-jay-working\Microsoft Form based GUI\final_sp_ui\Debug\link.13444-cvtres.read.1.tlog
C:\Users\jaykh\Downloads\abhijith_gui_update\Speech-Processing-Project-jay-working\Microsoft Form based GUI\final_sp_ui\Debug\link.13444-cvtres.write.1.tlog
C:\Users\jaykh\Downloads\abhijith_gui_update\Speech-Processing-Project-jay-working\Microsoft Form based GUI\final_sp_ui\Debug\link.13592.read.1.tlog
C:\Users\jaykh\Downloads\abhijith_gui_update\Speech-Processing-Project-jay-working\Microsoft Form based GUI\final_sp_ui\Debug\link.13592.read.2.tlog
C:\Users\jaykh\Downloads\abhijith_gui_update\Speech-Processing-Project-jay-working\Microsoft Form based GUI\final_sp_ui\Debug\link.13592.write.1.tlog
C:\Users\jaykh\Downloads\abhijith_gui_update\Speech-Processing-Project-jay-working\Microsoft Form based GUI\final_sp_ui\Debug\link.13592-cvtres.read.1.tlog
C:\Users\jaykh\Downloads\abhijith_gui_update\Speech-Processing-Project-jay-working\Microsoft Form based GUI\final_sp_ui\Debug\link.13592-cvtres.write.1.tlog
C:\Users\jaykh\Downloads\abhijith_gui_update\Speech-Processing-Project-jay-working\Microsoft Form based GUI\final_sp_ui\Debug\link.13624.read.1.tlog
C:\Users\jaykh\Downloads\abhijith_gui_update\Speech-Processing-Project-jay-working\Microsoft Form based GUI\final_sp_ui\Debug\link.13624.read.2.tlog
C:\Users\jaykh\Downloads\abhijith_gui_update\Speech-Processing-Project-jay-working\Microsoft Form based GUI\final_sp_ui\Debug\link.13624.write.1.tlog
C:\Users\jaykh\Downloads\abhijith_gui_update\Speech-Processing-Project-jay-working\Microsoft Form based GUI\final_sp_ui\Debug\link.13624-cvtres.read.1.tlog
C:\Users\jaykh\Downloads\abhijith_gui_update\Speech-Processing-Project-jay-working\Microsoft Form based GUI\final_sp_ui\Debug\link.13624-cvtres.write.1.tlog
C:\Users\jaykh\Downloads\abhijith_gui_update\Speech-Processing-Project-jay-working\Microsoft Form based GUI\final_sp_ui\Debug\link.13688.read.1.tlog
C:\Users\jaykh\Downloads\abhijith_gui_update\Speech-Processing-Project-jay-working\Microsoft Form based GUI\final_sp_ui\Debug\link.13688.write.1.tlog
C:\Users\jaykh\Downloads\abhijith_gui_update\Speech-Processing-Project-jay-working\Microsoft Form based GUI\final_sp_ui\Debug\link.13688-cvtres.read.1.tlog
C:\Users\jaykh\Downloads\abhijith_gui_update\Speech-Processing-Project-jay-working\Microsoft Form based GUI\final_sp_ui\Debug\link.13688-cvtres.write.1.tlog
C:\Users\jaykh\Downloads\abhijith_gui_update\Speech-Processing-Project-jay-working\Microsoft Form based GUI\final_sp_ui\Debug\link.13884.read.1.tlog
C:\Users\jaykh\Downloads\abhijith_gui_update\Speech-Processing-Project-jay-working\Microsoft Form based GUI\final_sp_ui\Debug\link.13884.write.1.tlog
C:\Users\jaykh\Downloads\abhijith_gui_update\Speech-Processing-Project-jay-working\Microsoft Form based GUI\final_sp_ui\Debug\link.13884-cvtres.read.1.tlog
C:\Users\jaykh\Downloads\abhijith_gui_update\Speech-Processing-Project-jay-working\Microsoft Form based GUI\final_sp_ui\Debug\link.13884-cvtres.write.1.tlog
C:\Users\jaykh\Downloads\abhijith_gui_update\Speech-Processing-Project-jay-working\Microsoft Form based GUI\final_sp_ui\Debug\link.13996.read.1.tlog
C:\Users\jaykh\Downloads\abhijith_gui_update\Speech-Processing-Project-jay-working\Microsoft Form based GUI\final_sp_ui\Debug\link.13996.write.1.tlog
C:\Users\jaykh\Downloads\abhijith_gui_update\Speech-Processing-Project-jay-working\Microsoft Form based GUI\final_sp_ui\Debug\link.13996-cvtres.read.1.tlog
C:\Users\jaykh\Downloads\abhijith_gui_update\Speech-Processing-Project-jay-working\Microsoft Form based GUI\final_sp_ui\Debug\link.13996-cvtres.write.1.tlog
C:\Users\jaykh\Downloads\abhijith_gui_update\Speech-Processing-Project-jay-working\Microsoft Form based GUI\final_sp_ui\Debug\link.14052.read.1.tlog
C:\Users\jaykh\Downloads\abhijith_gui_update\Speech-Processing-Project-jay-working\Microsoft Form based GUI\final_sp_ui\Debug\link.14052.read.2.tlog
C:\Users\jaykh\Downloads\abhijith_gui_update\Speech-Processing-Project-jay-working\Microsoft Form based GUI\final_sp_ui\Debug\link.14052.write.1.tlog
C:\Users\jaykh\Downloads\abhijith_gui_update\Speech-Processing-Project-jay-working\Microsoft Form based GUI\final_sp_ui\Debug\link.14052-cvtres.read.1.tlog
C:\Users\jaykh\Downloads\abhijith_gui_update\Speech-Processing-Project-jay-working\Microsoft Form based GUI\final_sp_ui\Debug\link.14052-cvtres.write.1.tlog
C:\Users\jaykh\Downloads\abhijith_gui_update\Speech-Processing-Project-jay-working\Microsoft Form based GUI\final_sp_ui\Debug\link.14196.read.1.tlog
C:\Users\jaykh\Downloads\abhijith_gui_update\Speech-Processing-Project-jay-working\Microsoft Form based GUI\final_sp_ui\Debug\link.14196.write.1.tlog
C:\Users\jaykh\Downloads\abhijith_gui_update\Speech-Processing-Project-jay-working\Microsoft Form based GUI\final_sp_ui\Debug\link.14196-cvtres.read.1.tlog
C:\Users\jaykh\Downloads\abhijith_gui_update\Speech-Processing-Project-jay-working\Microsoft Form based GUI\final_sp_ui\Debug\link.14196-cvtres.write.1.tlog
C:\Users\jaykh\Downloads\abhijith_gui_update\Speech-Processing-Project-jay-working\Microsoft Form based GUI\final_sp_ui\Debug\link.14380.read.1.tlog
C:\Users\jaykh\Downloads\abhijith_gui_update\Speech-Processing-Project-jay-working\Microsoft Form based GUI\final_sp_ui\Debug\link.14380.read.2.tlog
C:\Users\jaykh\Downloads\abhijith_gui_update\Speech-Processing-Project-jay-working\Microsoft Form based GUI\final_sp_ui\Debug\link.14380.write.1.tlog
C:\Users\jaykh\Downloads\abhijith_gui_update\Speech-Processing-Project-jay-working\Microsoft Form based GUI\final_sp_ui\Debug\link.14380-cvtres.read.1.tlog
C:\Users\jaykh\Downloads\abhijith_gui_update\Speech-Processing-Project-jay-working\Microsoft Form based GUI\final_sp_ui\Debug\link.14380-cvtres.write.1.tlog
C:\Users\jaykh\Downloads\abhijith_gui_update\Speech-Processing-Project-jay-working\Microsoft Form based GUI\final_sp_ui\Debug\link.14600.read.1.tlog
C:\Users\jaykh\Downloads\abhijith_gui_update\Speech-Processing-Project-jay-working\Microsoft Form based GUI\final_sp_ui\Debug\link.14600.write.1.tlog
C:\Users\jaykh\Downloads\abhijith_gui_update\Speech-Processing-Project-jay-working\Microsoft Form based GUI\final_sp_ui\Debug\link.14600-cvtres.read.1.tlog
C:\Users\jaykh\Downloads\abhijith_gui_update\Speech-Processing-Project-jay-working\Microsoft Form based GUI\final_sp_ui\Debug\link.14600-cvtres.write.1.tlog
C:\Users\jaykh\Downloads\abhijith_gui_update\Speech-Processing-Project-jay-working\Microsoft Form based GUI\final_sp_ui\Debug\link.14652.read.1.tlog
C:\Users\jaykh\Downloads\abhijith_gui_update\Speech-Processing-Project-jay-working\Microsoft Form based GUI\final_sp_ui\Debug\link.14652.write.1.tlog
C:\Users\jaykh\Downloads\abhijith_gui_update\Speech-Processing-Project-jay-working\Microsoft Form based GUI\final_sp_ui\Debug\link.14652-cvtres.read.1.tlog
C:\Users\jaykh\Downloads\abhijith_gui_update\Speech-Processing-Project-jay-working\Microsoft Form based GUI\final_sp_ui\Debug\link.14652-cvtres.write.1.tlog
C:\Users\jaykh\Downloads\abhijith_gui_update\Speech-Processing-Project-jay-working\Microsoft Form based GUI\final_sp_ui\Debug\link.15072.read.1.tlog
C:\Users\jaykh\Downloads\abhijith_gui_update\Speech-Processing-Project-jay-working\Microsoft Form based GUI\final_sp_ui\Debug\link.15072.write.1.tlog
C:\Users\jaykh\Downloads\abhijith_gui_update\Speech-Processing-Project-jay-working\Microsoft Form based GUI\final_sp_ui\Debug\link.15072-cvtres.read.1.tlog
C:\Users\jaykh\Downloads\abhijith_gui_update\Speech-Processing-Project-jay-working\Microsoft Form based GUI\final_sp_ui\Debug\link.15072-cvtres.write.1.tlog
C:\Users\jaykh\Downloads\abhijith_gui_update\Speech-Processing-Project-jay-working\Microsoft Form based GUI\final_sp_ui\Debug\link.15092.read.1.tlog
C:\Users\jaykh\Downloads\abhijith_gui_update\Speech-Processing-Project-jay-working\Microsoft Form based GUI\final_sp_ui\Debug\link.15092.write.1.tlog
C:\Users\jaykh\Downloads\abhijith_gui_update\Speech-Processing-Project-jay-working\Microsoft Form based GUI\final_sp_ui\Debug\link.15092-cvtres.read.1.tlog
C:\Users\jaykh\Downloads\abhijith_gui_update\Speech-Processing-Project-jay-working\Microsoft Form based GUI\final_sp_ui\Debug\link.15092-cvtres.write.1.tlog
C:\Users\jaykh\Downloads\abhijith_gui_update\Speech-Processing-Project-jay-working\Microsoft Form based GUI\final_sp_ui\Debug\link.15152.read.1.tlog
C:\Users\jaykh\Downloads\abhijith_gui_update\Speech-Processing-Project-jay-working\Microsoft Form based GUI\final_sp_ui\Debug\link.15152.read.2.tlog
C:\Users\jaykh\Downloads\abhijith_gui_update\Speech-Processing-Project-jay-working\Microsoft Form based GUI\final_sp_ui\Debug\link.15152.write.1.tlog
C:\Users\jaykh\Downloads\abhijith_gui_update\Speech-Processing-Project-jay-working\Microsoft Form based GUI\final_sp_ui\Debug\link.15152-cvtres.read.1.tlog
C:\Users\jaykh\Downloads\abhijith_gui_update\Speech-Processing-Project-jay-working\Microsoft Form based GUI\final_sp_ui\Debug\link.15152-cvtres.write.1.tlog
C:\Users\jaykh\Downloads\abhijith_gui_update\Speech-Processing-Project-jay-working\Microsoft Form based GUI\final_sp_ui\Debug\link.15160.read.1.tlog
C:\Users\jaykh\Downloads\abhijith_gui_update\Speech-Processing-Project-jay-working\Microsoft Form based GUI\final_sp_ui\Debug\link.15160.write.1.tlog
C:\Users\jaykh\Downloads\abhijith_gui_update\Speech-Processing-Project-jay-working\Microsoft Form based GUI\final_sp_ui\Debug\link.15160-cvtres.read.1.tlog
C:\Users\jaykh\Downloads\abhijith_gui_update\Speech-Processing-Project-jay-working\Microsoft Form based GUI\final_sp_ui\Debug\link.15160-cvtres.write.1.tlog
C:\Users\jaykh\Downloads\abhijith_gui_update\Speech-Processing-Project-jay-working\Microsoft Form based GUI\final_sp_ui\Debug\link.15208.read.1.tlog
C:\Users\jaykh\Downloads\abhijith_gui_update\Speech-Processing-Project-jay-working\Microsoft Form based GUI\final_sp_ui\Debug\link.15208.write.1.tlog
C:\Users\jaykh\Downloads\abhijith_gui_update\Speech-Processing-Project-jay-working\Microsoft Form based GUI\final_sp_ui\Debug\link.15208-cvtres.read.1.tlog
C:\Users\jaykh\Downloads\abhijith_gui_update\Speech-Processing-Project-jay-working\Microsoft Form based GUI\final_sp_ui\Debug\link.15208-cvtres.write.1.tlog
C:\Users\jaykh\Downloads\abhijith_gui_update\Speech-Processing-Project-jay-working\Microsoft Form based GUI\final_sp_ui\Debug\link.15332.read.1.tlog
C:\Users\jaykh\Downloads\abhijith_gui_update\Speech-Processing-Project-jay-working\Microsoft Form based GUI\final_sp_ui\Debug\link.15332.write.1.tlog
C:\Users\jaykh\Downloads\abhijith_gui_update\Speech-Processing-Project-jay-working\Microsoft Form based GUI\final_sp_ui\Debug\link.15332-cvtres.read.1.tlog
C:\Users\jaykh\Downloads\abhijith_gui_update\Speech-Processing-Project-jay-working\Microsoft Form based GUI\final_sp_ui\Debug\link.15332-cvtres.write.1.tlog
C:\Users\jaykh\Downloads\abhijith_gui_update\Speech-Processing-Project-jay-working\Microsoft Form based GUI\final_sp_ui\Debug\link.15444.read.1.tlog
C:\Users\jaykh\Downloads\abhijith_gui_update\Speech-Processing-Project-jay-working\Microsoft Form based GUI\final_sp_ui\Debug\link.15444.read.2.tlog
C:\Users\jaykh\Downloads\abhijith_gui_update\Speech-Processing-Project-jay-working\Microsoft Form based GUI\final_sp_ui\Debug\link.15444.write.1.tlog
C:\Users\jaykh\Downloads\abhijith_gui_update\Speech-Processing-Project-jay-working\Microsoft Form based GUI\final_sp_ui\Debug\link.15444-cvtres.read.1.tlog
C:\Users\jaykh\Downloads\abhijith_gui_update\Speech-Processing-Project-jay-working\Microsoft Form based GUI\final_sp_ui\Debug\link.15444-cvtres.write.1.tlog
C:\Users\jaykh\Downloads\abhijith_gui_update\Speech-Processing-Project-jay-working\Microsoft Form based GUI\final_sp_ui\Debug\link.15456.read.1.tlog
C:\Users\jaykh\Downloads\abhijith_gui_update\Speech-Processing-Project-jay-working\Microsoft Form based GUI\final_sp_ui\Debug\link.15456.write.1.tlog
C:\Users\jaykh\Downloads\abhijith_gui_update\Speech-Processing-Project-jay-working\Microsoft Form based GUI\final_sp_ui\Debug\link.15456-cvtres.read.1.tlog
C:\Users\jaykh\Downloads\abhijith_gui_update\Speech-Processing-Project-jay-working\Microsoft Form based GUI\final_sp_ui\Debug\link.15456-cvtres.write.1.tlog
C:\Users\jaykh\Downloads\abhijith_gui_update\Speech-Processing-Project-jay-working\Microsoft Form based GUI\final_sp_ui\Debug\link.15580.read.1.tlog
C:\Users\jaykh\Downloads\abhijith_gui_update\Speech-Processing-Project-jay-working\Microsoft Form based GUI\final_sp_ui\Debug\link.15580.write.1.tlog
C:\Users\jaykh\Downloads\abhijith_gui_update\Speech-Processing-Project-jay-working\Microsoft Form based GUI\final_sp_ui\Debug\link.15580-cvtres.read.1.tlog
C:\Users\jaykh\Downloads\abhijith_gui_update\Speech-Processing-Project-jay-working\Microsoft Form based GUI\final_sp_ui\Debug\link.15580-cvtres.write.1.tlog
C:\Users\jaykh\Downloads\abhijith_gui_update\Speech-Processing-Project-jay-working\Microsoft Form based GUI\final_sp_ui\Debug\link.15740.read.1.tlog
C:\Users\jaykh\Downloads\abhijith_gui_update\Speech-Processing-Project-jay-working\Microsoft Form based GUI\final_sp_ui\Debug\link.15740.read.2.tlog
C:\Users\jaykh\Downloads\abhijith_gui_update\Speech-Processing-Project-jay-working\Microsoft Form based GUI\final_sp_ui\Debug\link.15740.write.1.tlog
C:\Users\jaykh\Downloads\abhijith_gui_update\Speech-Processing-Project-jay-working\Microsoft Form based GUI\final_sp_ui\Debug\link.15740-cvtres.read.1.tlog
C:\Users\jaykh\Downloads\abhijith_gui_update\Speech-Processing-Project-jay-working\Microsoft Form based GUI\final_sp_ui\Debug\link.15740-cvtres.write.1.tlog
C:\Users\jaykh\Downloads\abhijith_gui_update\Speech-Processing-Project-jay-working\Microsoft Form based GUI\final_sp_ui\Debug\link.15744.read.1.tlog
C:\Users\jaykh\Downloads\abhijith_gui_update\Speech-Processing-Project-jay-working\Microsoft Form based GUI\final_sp_ui\Debug\link.15744.write.1.tlog
C:\Users\jaykh\Downloads\abhijith_gui_update\Speech-Processing-Project-jay-working\Microsoft Form based GUI\final_sp_ui\Debug\link.15744-cvtres.read.1.tlog
C:\Users\jaykh\Downloads\abhijith_gui_update\Speech-Processing-Project-jay-working\Microsoft Form based GUI\final_sp_ui\Debug\link.15744-cvtres.write.1.tlog
C:\Users\jaykh\Downloads\abhijith_gui_update\Speech-Processing-Project-jay-working\Microsoft Form based GUI\final_sp_ui\Debug\link.15828.read.1.tlog
C:\Users\jaykh\Downloads\abhijith_gui_update\Speech-Processing-Project-jay-working\Microsoft Form based GUI\final_sp_ui\Debug\link.15828.write.1.tlog
C:\Users\jaykh\Downloads\abhijith_gui_update\Speech-Processing-Project-jay-working\Microsoft Form based GUI\final_sp_ui\Debug\link.15828-cvtres.read.1.tlog
C:\Users\jaykh\Downloads\abhijith_gui_update\Speech-Processing-Project-jay-working\Microsoft Form based GUI\final_sp_ui\Debug\link.15828-cvtres.write.1.tlog
C:\Users\jaykh\Downloads\abhijith_gui_update\Speech-Processing-Project-jay-working\Microsoft Form based GUI\final_sp_ui\Debug\link.15856.read.1.tlog
C:\Users\jaykh\Downloads\abhijith_gui_update\Speech-Processing-Project-jay-working\Microsoft Form based GUI\final_sp_ui\Debug\link.15856.read.2.tlog
C:\Users\jaykh\Downloads\abhijith_gui_update\Speech-Processing-Project-jay-working\Microsoft Form based GUI\final_sp_ui\Debug\link.15856.write.1.tlog
C:\Users\jaykh\Downloads\abhijith_gui_update\Speech-Processing-Project-jay-working\Microsoft Form based GUI\final_sp_ui\Debug\link.15856-cvtres.read.1.tlog
C:\Users\jaykh\Downloads\abhijith_gui_update\Speech-Processing-Project-jay-working\Microsoft Form based GUI\final_sp_ui\Debug\link.15856-cvtres.write.1.tlog
C:\Users\jaykh\Downloads\abhijith_gui_update\Speech-Processing-Project-jay-working\Microsoft Form based GUI\final_sp_ui\Debug\link.15972.read.1.tlog
C:\Users\jaykh\Downloads\abhijith_gui_update\Speech-Processing-Project-jay-working\Microsoft Form based GUI\final_sp_ui\Debug\link.15972.write.1.tlog
C:\Users\jaykh\Downloads\abhijith_gui_update\Speech-Processing-Project-jay-working\Microsoft Form based GUI\final_sp_ui\Debug\link.15972-cvtres.read.1.tlog
C:\Users\jaykh\Downloads\abhijith_gui_update\Speech-Processing-Project-jay-working\Microsoft Form based GUI\final_sp_ui\Debug\link.15972-cvtres.write.1.tlog
C:\Users\jaykh\Downloads\abhijith_gui_update\Speech-Processing-Project-jay-working\Microsoft Form based GUI\final_sp_ui\Debug\link.16164.read.1.tlog
C:\Users\jaykh\Downloads\abhijith_gui_update\Speech-Processing-Project-jay-working\Microsoft Form based GUI\final_sp_ui\Debug\link.16164.write.1.tlog
C:\Users\jaykh\Downloads\abhijith_gui_update\Speech-Processing-Project-jay-working\Microsoft Form based GUI\final_sp_ui\Debug\link.16164-cvtres.read.1.tlog
C:\Users\jaykh\Downloads\abhijith_gui_update\Speech-Processing-Project-jay-working\Microsoft Form based GUI\final_sp_ui\Debug\link.16164-cvtres.write.1.tlog
C:\Users\jaykh\Downloads\abhijith_gui_update\Speech-Processing-Project-jay-working\Microsoft Form based GUI\final_sp_ui\Debug\link.16344.read.1.tlog
C:\Users\jaykh\Downloads\abhijith_gui_update\Speech-Processing-Project-jay-working\Microsoft Form based GUI\final_sp_ui\Debug\link.16344.write.1.tlog
C:\Users\jaykh\Downloads\abhijith_gui_update\Speech-Processing-Project-jay-working\Microsoft Form based GUI\final_sp_ui\Debug\link.16344-cvtres.read.1.tlog
C:\Users\jaykh\Downloads\abhijith_gui_update\Speech-Processing-Project-jay-working\Microsoft Form based GUI\final_sp_ui\Debug\link.16344-cvtres.write.1.tlog
C:\Users\jaykh\Downloads\abhijith_gui_update\Speech-Processing-Project-jay-working\Microsoft Form based GUI\final_sp_ui\Debug\link.16360.read.1.tlog
C:\Users\jaykh\Downloads\abhijith_gui_update\Speech-Processing-Project-jay-working\Microsoft Form based GUI\final_sp_ui\Debug\link.16360.write.1.tlog
C:\Users\jaykh\Downloads\abhijith_gui_update\Speech-Processing-Project-jay-working\Microsoft Form based GUI\final_sp_ui\Debug\link.16360-cvtres.read.1.tlog
C:\Users\jaykh\Downloads\abhijith_gui_update\Speech-Processing-Project-jay-working\Microsoft Form based GUI\final_sp_ui\Debug\link.16360-cvtres.write.1.tlog
C:\Users\jaykh\Downloads\abhijith_gui_update\Speech-Processing-Project-jay-working\Microsoft Form based GUI\final_sp_ui\Debug\link.16368.read.1.tlog
C:\Users\jaykh\Downloads\abhijith_gui_update\Speech-Processing-Project-jay-working\Microsoft Form based GUI\final_sp_ui\Debug\link.16368.write.1.tlog
C:\Users\jaykh\Downloads\abhijith_gui_update\Speech-Processing-Project-jay-working\Microsoft Form based GUI\final_sp_ui\Debug\link.16368-cvtres.read.1.tlog
C:\Users\jaykh\Downloads\abhijith_gui_update\Speech-Processing-Project-jay-working\Microsoft Form based GUI\final_sp_ui\Debug\link.16368-cvtres.write.1.tlog
C:\Users\jaykh\Downloads\abhijith_gui_update\Speech-Processing-Project-jay-working\Microsoft Form based GUI\final_sp_ui\Debug\link.16436.read.1.tlog
C:\Users\jaykh\Downloads\abhijith_gui_update\Speech-Processing-Project-jay-working\Microsoft Form based GUI\final_sp_ui\Debug\link.16436.write.1.tlog
C:\Users\jaykh\Downloads\abhijith_gui_update\Speech-Processing-Project-jay-working\Microsoft Form based GUI\final_sp_ui\Debug\link.16436-cvtres.read.1.tlog
C:\Users\jaykh\Downloads\abhijith_gui_update\Speech-Processing-Project-jay-working\Microsoft Form based GUI\final_sp_ui\Debug\link.16436-cvtres.write.1.tlog
C:\Users\jaykh\Downloads\abhijith_gui_update\Speech-Processing-Project-jay-working\Microsoft Form based GUI\final_sp_ui\Debug\link.16720.read.1.tlog
C:\Users\jaykh\Downloads\abhijith_gui_update\Speech-Processing-Project-jay-working\Microsoft Form based GUI\final_sp_ui\Debug\link.16720.write.1.tlog
C:\Users\jaykh\Downloads\abhijith_gui_update\Speech-Processing-Project-jay-working\Microsoft Form based GUI\final_sp_ui\Debug\link.16720-cvtres.read.1.tlog
C:\Users\jaykh\Downloads\abhijith_gui_update\Speech-Processing-Project-jay-working\Microsoft Form based GUI\final_sp_ui\Debug\link.16720-cvtres.write.1.tlog
C:\Users\jaykh\Downloads\abhijith_gui_update\Speech-Processing-Project-jay-working\Microsoft Form based GUI\final_sp_ui\Debug\link.16744.read.1.tlog
C:\Users\jaykh\Downloads\abhijith_gui_update\Speech-Processing-Project-jay-working\Microsoft Form based GUI\final_sp_ui\Debug\link.16744.write.1.tlog
C:\Users\jaykh\Downloads\abhijith_gui_update\Speech-Processing-Project-jay-working\Microsoft Form based GUI\final_sp_ui\Debug\link.16744-cvtres.read.1.tlog
C:\Users\jaykh\Downloads\abhijith_gui_update\Speech-Processing-Project-jay-working\Microsoft Form based GUI\final_sp_ui\Debug\link.16744-cvtres.write.1.tlog
C:\Users\jaykh\Downloads\abhijith_gui_update\Speech-Processing-Project-jay-working\Microsoft Form based GUI\final_sp_ui\Debug\link.16780.read.1.tlog
C:\Users\jaykh\Downloads\abhijith_gui_update\Speech-Processing-Project-jay-working\Microsoft Form based GUI\final_sp_ui\Debug\link.16780.read.2.tlog
C:\Users\jaykh\Downloads\abhijith_gui_update\Speech-Processing-Project-jay-working\Microsoft Form based GUI\final_sp_ui\Debug\link.16780.write.1.tlog
C:\Users\jaykh\Downloads\abhijith_gui_update\Speech-Processing-Project-jay-working\Microsoft Form based GUI\final_sp_ui\Debug\link.16780-cvtres.read.1.tlog
C:\Users\jaykh\Downloads\abhijith_gui_update\Speech-Processing-Project-jay-working\Microsoft Form based GUI\final_sp_ui\Debug\link.16780-cvtres.write.1.tlog
C:\Users\jaykh\Downloads\abhijith_gui_update\Speech-Processing-Project-jay-working\Microsoft Form based GUI\final_sp_ui\Debug\link.16808.read.1.tlog
C:\Users\jaykh\Downloads\abhijith_gui_update\Speech-Processing-Project-jay-working\Microsoft Form based GUI\final_sp_ui\Debug\link.16808.write.1.tlog
C:\Users\jaykh\Downloads\abhijith_gui_update\Speech-Processing-Project-jay-working\Microsoft Form based GUI\final_sp_ui\Debug\link.16808-cvtres.read.1.tlog
C:\Users\jaykh\Downloads\abhijith_gui_update\Speech-Processing-Project-jay-working\Microsoft Form based GUI\final_sp_ui\Debug\link.16808-cvtres.write.1.tlog
C:\Users\jaykh\Downloads\abhijith_gui_update\Speech-Processing-Project-jay-working\Microsoft Form based GUI\final_sp_ui\Debug\link.16848.read.1.tlog
C:\Users\jaykh\Downloads\abhijith_gui_update\Speech-Processing-Project-jay-working\Microsoft Form based GUI\final_sp_ui\Debug\link.16848.read.2.tlog
C:\Users\jaykh\Downloads\abhijith_gui_update\Speech-Processing-Project-jay-working\Microsoft Form based GUI\final_sp_ui\Debug\link.16848.write.1.tlog
C:\Users\jaykh\Downloads\abhijith_gui_update\Speech-Processing-Project-jay-working\Microsoft Form based GUI\final_sp_ui\Debug\link.16848-cvtres.read.1.tlog
C:\Users\jaykh\Downloads\abhijith_gui_update\Speech-Processing-Project-jay-working\Microsoft Form based GUI\final_sp_ui\Debug\link.16848-cvtres.write.1.tlog
C:\Users\jaykh\Downloads\abhijith_gui_update\Speech-Processing-Project-jay-working\Microsoft Form based GUI\final_sp_ui\Debug\link.16856.read.1.tlog
C:\Users\jaykh\Downloads\abhijith_gui_update\Speech-Processing-Project-jay-working\Microsoft Form based GUI\final_sp_ui\Debug\link.16856.write.1.tlog
C:\Users\jaykh\Downloads\abhijith_gui_update\Speech-Processing-Project-jay-working\Microsoft Form based GUI\final_sp_ui\Debug\link.16856-cvtres.read.1.tlog
C:\Users\jaykh\Downloads\abhijith_gui_update\Speech-Processing-Project-jay-working\Microsoft Form based GUI\final_sp_ui\Debug\link.16856-cvtres.write.1.tlog
C:\Users\jaykh\Downloads\abhijith_gui_update\Speech-Processing-Project-jay-working\Microsoft Form based GUI\final_sp_ui\Debug\link.16888.read.1.tlog
C:\Users\jaykh\Downloads\abhijith_gui_update\Speech-Processing-Project-jay-working\Microsoft Form based GUI\final_sp_ui\Debug\link.16888.write.1.tlog
C:\Users\jaykh\Downloads\abhijith_gui_update\Speech-Processing-Project-jay-working\Microsoft Form based GUI\final_sp_ui\Debug\link.16888-cvtres.read.1.tlog
C:\Users\jaykh\Downloads\abhijith_gui_update\Speech-Processing-Project-jay-working\Microsoft Form based GUI\final_sp_ui\Debug\link.16888-cvtres.write.1.tlog
C:\Users\jaykh\Downloads\abhijith_gui_update\Speech-Processing-Project-jay-working\Microsoft Form based GUI\final_sp_ui\Debug\link.16900.read.1.tlog
C:\Users\jaykh\Downloads\abhijith_gui_update\Speech-Processing-Project-jay-working\Microsoft Form based GUI\final_sp_ui\Debug\link.16900.write.1.tlog
C:\Users\jaykh\Downloads\abhijith_gui_update\Speech-Processing-Project-jay-working\Microsoft Form based GUI\final_sp_ui\Debug\link.16900-cvtres.read.1.tlog
C:\Users\jaykh\Downloads\abhijith_gui_update\Speech-Processing-Project-jay-working\Microsoft Form based GUI\final_sp_ui\Debug\link.16900-cvtres.write.1.tlog
C:\Users\jaykh\Downloads\abhijith_gui_update\Speech-Processing-Project-jay-working\Microsoft Form based GUI\final_sp_ui\Debug\link.16964.read.1.tlog
C:\Users\jaykh\Downloads\abhijith_gui_update\Speech-Processing-Project-jay-working\Microsoft Form based GUI\final_sp_ui\Debug\link.16964.read.2.tlog
C:\Users\jaykh\Downloads\abhijith_gui_update\Speech-Processing-Project-jay-working\Microsoft Form based GUI\final_sp_ui\Debug\link.16964.write.1.tlog
C:\Users\jaykh\Downloads\abhijith_gui_update\Speech-Processing-Project-jay-working\Microsoft Form based GUI\final_sp_ui\Debug\link.16964-cvtres.read.1.tlog
C:\Users\jaykh\Downloads\abhijith_gui_update\Speech-Processing-Project-jay-working\Microsoft Form based GUI\final_sp_ui\Debug\link.16964-cvtres.write.1.tlog
C:\Users\jaykh\Downloads\abhijith_gui_update\Speech-Processing-Project-jay-working\Microsoft Form based GUI\final_sp_ui\Debug\link.17104.read.1.tlog
C:\Users\jaykh\Downloads\abhijith_gui_update\Speech-Processing-Project-jay-working\Microsoft Form based GUI\final_sp_ui\Debug\link.17104.read.2.tlog
C:\Users\jaykh\Downloads\abhijith_gui_update\Speech-Processing-Project-jay-working\Microsoft Form based GUI\final_sp_ui\Debug\link.17104.write.1.tlog
C:\Users\jaykh\Downloads\abhijith_gui_update\Speech-Processing-Project-jay-working\Microsoft Form based GUI\final_sp_ui\Debug\link.17104-cvtres.read.1.tlog
C:\Users\jaykh\Downloads\abhijith_gui_update\Speech-Processing-Project-jay-working\Microsoft Form based GUI\final_sp_ui\Debug\link.17104-cvtres.write.1.tlog
C:\Users\jaykh\Downloads\abhijith_gui_update\Speech-Processing-Project-jay-working\Microsoft Form based GUI\final_sp_ui\Debug\link.17236.read.1.tlog
C:\Users\jaykh\Downloads\abhijith_gui_update\Speech-Processing-Project-jay-working\Microsoft Form based GUI\final_sp_ui\Debug\link.17236.read.2.tlog
C:\Users\jaykh\Downloads\abhijith_gui_update\Speech-Processing-Project-jay-working\Microsoft Form based GUI\final_sp_ui\Debug\link.17236.write.1.tlog
C:\Users\jaykh\Downloads\abhijith_gui_update\Speech-Processing-Project-jay-working\Microsoft Form based GUI\final_sp_ui\Debug\link.17236-cvtres.read.1.tlog
C:\Users\jaykh\Downloads\abhijith_gui_update\Speech-Processing-Project-jay-working\Microsoft Form based GUI\final_sp_ui\Debug\link.17236-cvtres.write.1.tlog
C:\Users\jaykh\Downloads\abhijith_gui_update\Speech-Processing-Project-jay-working\Microsoft Form based GUI\final_sp_ui\Debug\link.17372.read.1.tlog
C:\Users\jaykh\Downloads\abhijith_gui_update\Speech-Processing-Project-jay-working\Microsoft Form based GUI\final_sp_ui\Debug\link.17372.write.1.tlog
C:\Users\jaykh\Downloads\abhijith_gui_update\Speech-Processing-Project-jay-working\Microsoft Form based GUI\final_sp_ui\Debug\link.17372-cvtres.read.1.tlog
C:\Users\jaykh\Downloads\abhijith_gui_update\Speech-Processing-Project-jay-working\Microsoft Form based GUI\final_sp_ui\Debug\link.17372-cvtres.write.1.tlog
C:\Users\jaykh\Downloads\abhijith_gui_update\Speech-Processing-Project-jay-working\Microsoft Form based GUI\final_sp_ui\Debug\link.17376.read.1.tlog
C:\Users\jaykh\Downloads\abhijith_gui_update\Speech-Processing-Project-jay-working\Microsoft Form based GUI\final_sp_ui\Debug\link.17376.write.1.tlog
C:\Users\jaykh\Downloads\abhijith_gui_update\Speech-Processing-Project-jay-working\Microsoft Form based GUI\final_sp_ui\Debug\link.17376-cvtres.read.1.tlog
C:\Users\jaykh\Downloads\abhijith_gui_update\Speech-Processing-Project-jay-working\Microsoft Form based GUI\final_sp_ui\Debug\link.17376-cvtres.write.1.tlog
C:\Users\jaykh\Downloads\abhijith_gui_update\Speech-Processing-Project-jay-working\Microsoft Form based GUI\final_sp_ui\Debug\link.17656.read.1.tlog
C:\Users\jaykh\Downloads\abhijith_gui_update\Speech-Processing-Project-jay-working\Microsoft Form based GUI\final_sp_ui\Debug\link.17656.write.1.tlog
C:\Users\jaykh\Downloads\abhijith_gui_update\Speech-Processing-Project-jay-working\Microsoft Form based GUI\final_sp_ui\Debug\link.17656-cvtres.read.1.tlog
C:\Users\jaykh\Downloads\abhijith_gui_update\Speech-Processing-Project-jay-working\Microsoft Form based GUI\final_sp_ui\Debug\link.17656-cvtres.write.1.tlog
C:\Users\jaykh\Downloads\abhijith_gui_update\Speech-Processing-Project-jay-working\Microsoft Form based GUI\final_sp_ui\Debug\link.17696.read.1.tlog
C:\Users\jaykh\Downloads\abhijith_gui_update\Speech-Processing-Project-jay-working\Microsoft Form based GUI\final_sp_ui\Debug\link.17696.read.2.tlog
C:\Users\jaykh\Downloads\abhijith_gui_update\Speech-Processing-Project-jay-working\Microsoft Form based GUI\final_sp_ui\Debug\link.17696.write.1.tlog
C:\Users\jaykh\Downloads\abhijith_gui_update\Speech-Processing-Project-jay-working\Microsoft Form based GUI\final_sp_ui\Debug\link.17696-cvtres.read.1.tlog
C:\Users\jaykh\Downloads\abhijith_gui_update\Speech-Processing-Project-jay-working\Microsoft Form based GUI\final_sp_ui\Debug\link.17696-cvtres.write.1.tlog
C:\Users\jaykh\Downloads\abhijith_gui_update\Speech-Processing-Project-jay-working\Microsoft Form based GUI\final_sp_ui\Debug\link.17752.read.1.tlog
C:\Users\jaykh\Downloads\abhijith_gui_update\Speech-Processing-Project-jay-working\Microsoft Form based GUI\final_sp_ui\Debug\link.17752.write.1.tlog
C:\Users\jaykh\Downloads\abhijith_gui_update\Speech-Processing-Project-jay-working\Microsoft Form based GUI\final_sp_ui\Debug\link.17752-cvtres.read.1.tlog
C:\Users\jaykh\Downloads\abhijith_gui_update\Speech-Processing-Project-jay-working\Microsoft Form based GUI\final_sp_ui\Debug\link.17752-cvtres.write.1.tlog
C:\Users\jaykh\Downloads\abhijith_gui_update\Speech-Processing-Project-jay-working\Microsoft Form based GUI\final_sp_ui\Debug\link.17812.read.1.tlog
C:\Users\jaykh\Downloads\abhijith_gui_update\Speech-Processing-Project-jay-working\Microsoft Form based GUI\final_sp_ui\Debug\link.17812.read.2.tlog
C:\Users\jaykh\Downloads\abhijith_gui_update\Speech-Processing-Project-jay-working\Microsoft Form based GUI\final_sp_ui\Debug\link.17812.write.1.tlog
C:\Users\jaykh\Downloads\abhijith_gui_update\Speech-Processing-Project-jay-working\Microsoft Form based GUI\final_sp_ui\Debug\link.17812-cvtres.read.1.tlog
C:\Users\jaykh\Downloads\abhijith_gui_update\Speech-Processing-Project-jay-working\Microsoft Form based GUI\final_sp_ui\Debug\link.17812-cvtres.write.1.tlog
C:\Users\jaykh\Downloads\abhijith_gui_update\Speech-Processing-Project-jay-working\Microsoft Form based GUI\final_sp_ui\Debug\link.17864.read.1.tlog
C:\Users\jaykh\Downloads\abhijith_gui_update\Speech-Processing-Project-jay-working\Microsoft Form based GUI\final_sp_ui\Debug\link.17864.read.2.tlog
C:\Users\jaykh\Downloads\abhijith_gui_update\Speech-Processing-Project-jay-working\Microsoft Form based GUI\final_sp_ui\Debug\link.17864.write.1.tlog
C:\Users\jaykh\Downloads\abhijith_gui_update\Speech-Processing-Project-jay-working\Microsoft Form based GUI\final_sp_ui\Debug\link.17864-cvtres.read.1.tlog
C:\Users\jaykh\Downloads\abhijith_gui_update\Speech-Processing-Project-jay-working\Microsoft Form based GUI\final_sp_ui\Debug\link.17864-cvtres.write.1.tlog
C:\Users\jaykh\Downloads\abhijith_gui_update\Speech-Processing-Project-jay-working\Microsoft Form based GUI\final_sp_ui\Debug\link.17872.read.1.tlog
C:\Users\jaykh\Downloads\abhijith_gui_update\Speech-Processing-Project-jay-working\Microsoft Form based GUI\final_sp_ui\Debug\link.17872.write.1.tlog
C:\Users\jaykh\Downloads\abhijith_gui_update\Speech-Processing-Project-jay-working\Microsoft Form based GUI\final_sp_ui\Debug\link.17872-cvtres.read.1.tlog
C:\Users\jaykh\Downloads\abhijith_gui_update\Speech-Processing-Project-jay-working\Microsoft Form based GUI\final_sp_ui\Debug\link.17872-cvtres.write.1.tlog
C:\Users\jaykh\Downloads\abhijith_gui_update\Speech-Processing-Project-jay-working\Microsoft Form based GUI\final_sp_ui\Debug\link.17884.read.1.tlog
C:\Users\jaykh\Downloads\abhijith_gui_update\Speech-Processing-Project-jay-working\Microsoft Form based GUI\final_sp_ui\Debug\link.17884.read.2.tlog
C:\Users\jaykh\Downloads\abhijith_gui_update\Speech-Processing-Project-jay-working\Microsoft Form based GUI\final_sp_ui\Debug\link.17884.write.1.tlog
C:\Users\jaykh\Downloads\abhijith_gui_update\Speech-Processing-Project-jay-working\Microsoft Form based GUI\final_sp_ui\Debug\link.17884-cvtres.read.1.tlog
C:\Users\jaykh\Downloads\abhijith_gui_update\Speech-Processing-Project-jay-working\Microsoft Form based GUI\final_sp_ui\Debug\link.17884-cvtres.write.1.tlog
C:\Users\jaykh\Downloads\abhijith_gui_update\Speech-Processing-Project-jay-working\Microsoft Form based GUI\final_sp_ui\Debug\link.1804.read.1.tlog
C:\Users\jaykh\Downloads\abhijith_gui_update\Speech-Processing-Project-jay-working\Microsoft Form based GUI\final_sp_ui\Debug\link.1804.write.1.tlog
C:\Users\jaykh\Downloads\abhijith_gui_update\Speech-Processing-Project-jay-working\Microsoft Form based GUI\final_sp_ui\Debug\link.1804-cvtres.read.1.tlog
C:\Users\jaykh\Downloads\abhijith_gui_update\Speech-Processing-Project-jay-working\Microsoft Form based GUI\final_sp_ui\Debug\link.1804-cvtres.write.1.tlog
C:\Users\jaykh\Downloads\abhijith_gui_update\Speech-Processing-Project-jay-working\Microsoft Form based GUI\final_sp_ui\Debug\link.18136.read.1.tlog
C:\Users\jaykh\Downloads\abhijith_gui_update\Speech-Processing-Project-jay-working\Microsoft Form based GUI\final_sp_ui\Debug\link.18136.write.1.tlog
C:\Users\jaykh\Downloads\abhijith_gui_update\Speech-Processing-Project-jay-working\Microsoft Form based GUI\final_sp_ui\Debug\link.18136-cvtres.read.1.tlog
C:\Users\jaykh\Downloads\abhijith_gui_update\Speech-Processing-Project-jay-working\Microsoft Form based GUI\final_sp_ui\Debug\link.18136-cvtres.write.1.tlog
C:\Users\jaykh\Downloads\abhijith_gui_update\Speech-Processing-Project-jay-working\Microsoft Form based GUI\final_sp_ui\Debug\link.18236.read.1.tlog
C:\Users\jaykh\Downloads\abhijith_gui_update\Speech-Processing-Project-jay-working\Microsoft Form based GUI\final_sp_ui\Debug\link.18236.write.1.tlog
C:\Users\jaykh\Downloads\abhijith_gui_update\Speech-Processing-Project-jay-working\Microsoft Form based GUI\final_sp_ui\Debug\link.18236-cvtres.read.1.tlog
C:\Users\jaykh\Downloads\abhijith_gui_update\Speech-Processing-Project-jay-working\Microsoft Form based GUI\final_sp_ui\Debug\link.18236-cvtres.write.1.tlog
C:\Users\jaykh\Downloads\abhijith_gui_update\Speech-Processing-Project-jay-working\Microsoft Form based GUI\final_sp_ui\Debug\link.18288.read.1.tlog
C:\Users\jaykh\Downloads\abhijith_gui_update\Speech-Processing-Project-jay-working\Microsoft Form based GUI\final_sp_ui\Debug\link.18288.read.2.tlog
C:\Users\jaykh\Downloads\abhijith_gui_update\Speech-Processing-Project-jay-working\Microsoft Form based GUI\final_sp_ui\Debug\link.18288.write.1.tlog
C:\Users\jaykh\Downloads\abhijith_gui_update\Speech-Processing-Project-jay-working\Microsoft Form based GUI\final_sp_ui\Debug\link.18288-cvtres.read.1.tlog
C:\Users\jaykh\Downloads\abhijith_gui_update\Speech-Processing-Project-jay-working\Microsoft Form based GUI\final_sp_ui\Debug\link.18288-cvtres.write.1.tlog
C:\Users\jaykh\Downloads\abhijith_gui_update\Speech-Processing-Project-jay-working\Microsoft Form based GUI\final_sp_ui\Debug\link.18292.read.1.tlog
C:\Users\jaykh\Downloads\abhijith_gui_update\Speech-Processing-Project-jay-working\Microsoft Form based GUI\final_sp_ui\Debug\link.18292.write.1.tlog
C:\Users\jaykh\Downloads\abhijith_gui_update\Speech-Processing-Project-jay-working\Microsoft Form based GUI\final_sp_ui\Debug\link.18292-cvtres.read.1.tlog
C:\Users\jaykh\Downloads\abhijith_gui_update\Speech-Processing-Project-jay-working\Microsoft Form based GUI\final_sp_ui\Debug\link.18292-cvtres.write.1.tlog
C:\Users\jaykh\Downloads\abhijith_gui_update\Speech-Processing-Project-jay-working\Microsoft Form based GUI\final_sp_ui\Debug\link.18320.read.1.tlog
C:\Users\jaykh\Downloads\abhijith_gui_update\Speech-Processing-Project-jay-working\Microsoft Form based GUI\final_sp_ui\Debug\link.18320.write.1.tlog
C:\Users\jaykh\Downloads\abhijith_gui_update\Speech-Processing-Project-jay-working\Microsoft Form based GUI\final_sp_ui\Debug\link.18320-cvtres.read.1.tlog
C:\Users\jaykh\Downloads\abhijith_gui_update\Speech-Processing-Project-jay-working\Microsoft Form based GUI\final_sp_ui\Debug\link.18320-cvtres.write.1.tlog
C:\Users\jaykh\Downloads\abhijith_gui_update\Speech-Processing-Project-jay-working\Microsoft Form based GUI\final_sp_ui\Debug\link.18404.read.1.tlog
C:\Users\jaykh\Downloads\abhijith_gui_update\Speech-Processing-Project-jay-working\Microsoft Form based GUI\final_sp_ui\Debug\link.18404.write.1.tlog
C:\Users\jaykh\Downloads\abhijith_gui_update\Speech-Processing-Project-jay-working\Microsoft Form based GUI\final_sp_ui\Debug\link.18404-cvtres.read.1.tlog
C:\Users\jaykh\Downloads\abhijith_gui_update\Speech-Processing-Project-jay-working\Microsoft Form based GUI\final_sp_ui\Debug\link.18404-cvtres.write.1.tlog
C:\Users\jaykh\Downloads\abhijith_gui_update\Speech-Processing-Project-jay-working\Microsoft Form based GUI\final_sp_ui\Debug\link.18616.read.1.tlog
C:\Users\jaykh\Downloads\abhijith_gui_update\Speech-Processing-Project-jay-working\Microsoft Form based GUI\final_sp_ui\Debug\link.18616.write.1.tlog
C:\Users\jaykh\Downloads\abhijith_gui_update\Speech-Processing-Project-jay-working\Microsoft Form based GUI\final_sp_ui\Debug\link.18616-cvtres.read.1.tlog
C:\Users\jaykh\Downloads\abhijith_gui_update\Speech-Processing-Project-jay-working\Microsoft Form based GUI\final_sp_ui\Debug\link.18616-cvtres.write.1.tlog
C:\Users\jaykh\Downloads\abhijith_gui_update\Speech-Processing-Project-jay-working\Microsoft Form based GUI\final_sp_ui\Debug\link.18784.read.1.tlog
C:\Users\jaykh\Downloads\abhijith_gui_update\Speech-Processing-Project-jay-working\Microsoft Form based GUI\final_sp_ui\Debug\link.18784.write.1.tlog
C:\Users\jaykh\Downloads\abhijith_gui_update\Speech-Processing-Project-jay-working\Microsoft Form based GUI\final_sp_ui\Debug\link.18784-cvtres.read.1.tlog
C:\Users\jaykh\Downloads\abhijith_gui_update\Speech-Processing-Project-jay-working\Microsoft Form based GUI\final_sp_ui\Debug\link.18784-cvtres.write.1.tlog
C:\Users\jaykh\Downloads\abhijith_gui_update\Speech-Processing-Project-jay-working\Microsoft Form based GUI\final_sp_ui\Debug\link.18964.read.1.tlog
C:\Users\jaykh\Downloads\abhijith_gui_update\Speech-Processing-Project-jay-working\Microsoft Form based GUI\final_sp_ui\Debug\link.18964.write.1.tlog
C:\Users\jaykh\Downloads\abhijith_gui_update\Speech-Processing-Project-jay-working\Microsoft Form based GUI\final_sp_ui\Debug\link.18964-cvtres.read.1.tlog
C:\Users\jaykh\Downloads\abhijith_gui_update\Speech-Processing-Project-jay-working\Microsoft Form based GUI\final_sp_ui\Debug\link.18964-cvtres.write.1.tlog
C:\Users\jaykh\Downloads\abhijith_gui_update\Speech-Processing-Project-jay-working\Microsoft Form based GUI\final_sp_ui\Debug\link.19020.read.1.tlog
C:\Users\jaykh\Downloads\abhijith_gui_update\Speech-Processing-Project-jay-working\Microsoft Form based GUI\final_sp_ui\Debug\link.19020.write.1.tlog
C:\Users\jaykh\Downloads\abhijith_gui_update\Speech-Processing-Project-jay-working\Microsoft Form based GUI\final_sp_ui\Debug\link.19020-cvtres.read.1.tlog
C:\Users\jaykh\Downloads\abhijith_gui_update\Speech-Processing-Project-jay-working\Microsoft Form based GUI\final_sp_ui\Debug\link.19020-cvtres.write.1.tlog
C:\Users\jaykh\Downloads\abhijith_gui_update\Speech-Processing-Project-jay-working\Microsoft Form based GUI\final_sp_ui\Debug\link.19084.read.1.tlog
C:\Users\jaykh\Downloads\abhijith_gui_update\Speech-Processing-Project-jay-working\Microsoft Form based GUI\final_sp_ui\Debug\link.19084.write.1.tlog
C:\Users\jaykh\Downloads\abhijith_gui_update\Speech-Processing-Project-jay-working\Microsoft Form based GUI\final_sp_ui\Debug\link.19084-cvtres.read.1.tlog
C:\Users\jaykh\Downloads\abhijith_gui_update\Speech-Processing-Project-jay-working\Microsoft Form based GUI\final_sp_ui\Debug\link.19084-cvtres.write.1.tlog
C:\Users\jaykh\Downloads\abhijith_gui_update\Speech-Processing-Project-jay-working\Microsoft Form based GUI\final_sp_ui\Debug\link.19140.read.1.tlog
C:\Users\jaykh\Downloads\abhijith_gui_update\Speech-Processing-Project-jay-working\Microsoft Form based GUI\final_sp_ui\Debug\link.19140.write.1.tlog
C:\Users\jaykh\Downloads\abhijith_gui_update\Speech-Processing-Project-jay-working\Microsoft Form based GUI\final_sp_ui\Debug\link.19140-cvtres.read.1.tlog
C:\Users\jaykh\Downloads\abhijith_gui_update\Speech-Processing-Project-jay-working\Microsoft Form based GUI\final_sp_ui\Debug\link.19140-cvtres.write.1.tlog
C:\Users\jaykh\Downloads\abhijith_gui_update\Speech-Processing-Project-jay-working\Microsoft Form based GUI\final_sp_ui\Debug\link.19208.read.1.tlog
C:\Users\jaykh\Downloads\abhijith_gui_update\Speech-Processing-Project-jay-working\Microsoft Form based GUI\final_sp_ui\Debug\link.19208.read.2.tlog
C:\Users\jaykh\Downloads\abhijith_gui_update\Speech-Processing-Project-jay-working\Microsoft Form based GUI\final_sp_ui\Debug\link.19208.write.1.tlog
C:\Users\jaykh\Downloads\abhijith_gui_update\Speech-Processing-Project-jay-working\Microsoft Form based GUI\final_sp_ui\Debug\link.19208-cvtres.read.1.tlog
C:\Users\jaykh\Downloads\abhijith_gui_update\Speech-Processing-Project-jay-working\Microsoft Form based GUI\final_sp_ui\Debug\link.19208-cvtres.write.1.tlog
C:\Users\jaykh\Downloads\abhijith_gui_update\Speech-Processing-Project-jay-working\Microsoft Form based GUI\final_sp_ui\Debug\link.19336.read.1.tlog
C:\Users\jaykh\Downloads\abhijith_gui_update\Speech-Processing-Project-jay-working\Microsoft Form based GUI\final_sp_ui\Debug\link.19336.read.2.tlog
C:\Users\jaykh\Downloads\abhijith_gui_update\Speech-Processing-Project-jay-working\Microsoft Form based GUI\final_sp_ui\Debug\link.19336.write.1.tlog
C:\Users\jaykh\Downloads\abhijith_gui_update\Speech-Processing-Project-jay-working\Microsoft Form based GUI\final_sp_ui\Debug\link.19336-cvtres.read.1.tlog
C:\Users\jaykh\Downloads\abhijith_gui_update\Speech-Processing-Project-jay-working\Microsoft Form based GUI\final_sp_ui\Debug\link.19336-cvtres.write.1.tlog
C:\Users\jaykh\Downloads\abhijith_gui_update\Speech-Processing-Project-jay-working\Microsoft Form based GUI\final_sp_ui\Debug\link.19340.read.1.tlog
C:\Users\jaykh\Downloads\abhijith_gui_update\Speech-Processing-Project-jay-working\Microsoft Form based GUI\final_sp_ui\Debug\link.19340.write.1.tlog
C:\Users\jaykh\Downloads\abhijith_gui_update\Speech-Processing-Project-jay-working\Microsoft Form based GUI\final_sp_ui\Debug\link.19340-cvtres.read.1.tlog
C:\Users\jaykh\Downloads\abhijith_gui_update\Speech-Processing-Project-jay-working\Microsoft Form based GUI\final_sp_ui\Debug\link.19340-cvtres.write.1.tlog
C:\Users\jaykh\Downloads\abhijith_gui_update\Speech-Processing-Project-jay-working\Microsoft Form based GUI\final_sp_ui\Debug\link.19396.read.1.tlog
C:\Users\jaykh\Downloads\abhijith_gui_update\Speech-Processing-Project-jay-working\Microsoft Form based GUI\final_sp_ui\Debug\link.19396.read.2.tlog
C:\Users\jaykh\Downloads\abhijith_gui_update\Speech-Processing-Project-jay-working\Microsoft Form based GUI\final_sp_ui\Debug\link.19396.write.1.tlog
C:\Users\jaykh\Downloads\abhijith_gui_update\Speech-Processing-Project-jay-working\Microsoft Form based GUI\final_sp_ui\Debug\link.19396-cvtres.read.1.tlog
C:\Users\jaykh\Downloads\abhijith_gui_update\Speech-Processing-Project-jay-working\Microsoft Form based GUI\final_sp_ui\Debug\link.19396-cvtres.write.1.tlog
C:\Users\jaykh\Downloads\abhijith_gui_update\Speech-Processing-Project-jay-working\Microsoft Form based GUI\final_sp_ui\Debug\link.19428.read.1.tlog
C:\Users\jaykh\Downloads\abhijith_gui_update\Speech-Processing-Project-jay-working\Microsoft Form based GUI\final_sp_ui\Debug\link.19428.read.2.tlog
C:\Users\jaykh\Downloads\abhijith_gui_update\Speech-Processing-Project-jay-working\Microsoft Form based GUI\final_sp_ui\Debug\link.19428.write.1.tlog
C:\Users\jaykh\Downloads\abhijith_gui_update\Speech-Processing-Project-jay-working\Microsoft Form based GUI\final_sp_ui\Debug\link.19428-cvtres.read.1.tlog
C:\Users\jaykh\Downloads\abhijith_gui_update\Speech-Processing-Project-jay-working\Microsoft Form based GUI\final_sp_ui\Debug\link.19428-cvtres.write.1.tlog
C:\Users\jaykh\Downloads\abhijith_gui_update\Speech-Processing-Project-jay-working\Microsoft Form based GUI\final_sp_ui\Debug\link.1984.read.1.tlog
C:\Users\jaykh\Downloads\abhijith_gui_update\Speech-Processing-Project-jay-working\Microsoft Form based GUI\final_sp_ui\Debug\link.1984.write.1.tlog
C:\Users\jaykh\Downloads\abhijith_gui_update\Speech-Processing-Project-jay-working\Microsoft Form based GUI\final_sp_ui\Debug\link.1984-cvtres.read.1.tlog
C:\Users\jaykh\Downloads\abhijith_gui_update\Speech-Processing-Project-jay-working\Microsoft Form based GUI\final_sp_ui\Debug\link.1984-cvtres.write.1.tlog
C:\Users\jaykh\Downloads\abhijith_gui_update\Speech-Processing-Project-jay-working\Microsoft Form based GUI\final_sp_ui\Debug\link.2044.read.1.tlog
C:\Users\jaykh\Downloads\abhijith_gui_update\Speech-Processing-Project-jay-working\Microsoft Form based GUI\final_sp_ui\Debug\link.2044.write.1.tlog
C:\Users\jaykh\Downloads\abhijith_gui_update\Speech-Processing-Project-jay-working\Microsoft Form based GUI\final_sp_ui\Debug\link.2044-cvtres.read.1.tlog
C:\Users\jaykh\Downloads\abhijith_gui_update\Speech-Processing-Project-jay-working\Microsoft Form based GUI\final_sp_ui\Debug\link.2044-cvtres.write.1.tlog
C:\Users\jaykh\Downloads\abhijith_gui_update\Speech-Processing-Project-jay-working\Microsoft Form based GUI\final_sp_ui\Debug\link.23712.read.1.tlog
C:\Users\jaykh\Downloads\abhijith_gui_update\Speech-Processing-Project-jay-working\Microsoft Form based GUI\final_sp_ui\Debug\link.23712.write.1.tlog
C:\Users\jaykh\Downloads\abhijith_gui_update\Speech-Processing-Project-jay-working\Microsoft Form based GUI\final_sp_ui\Debug\link.23712-cvtres.read.1.tlog
C:\Users\jaykh\Downloads\abhijith_gui_update\Speech-Processing-Project-jay-working\Microsoft Form based GUI\final_sp_ui\Debug\link.23712-cvtres.write.1.tlog
C:\Users\jaykh\Downloads\abhijith_gui_update\Speech-Processing-Project-jay-working\Microsoft Form based GUI\final_sp_ui\Debug\link.25208.read.1.tlog
C:\Users\jaykh\Downloads\abhijith_gui_update\Speech-Processing-Project-jay-working\Microsoft Form based GUI\final_sp_ui\Debug\link.25208.write.1.tlog
C:\Users\jaykh\Downloads\abhijith_gui_update\Speech-Processing-Project-jay-working\Microsoft Form based GUI\final_sp_ui\Debug\link.25208-cvtres.read.1.tlog
C:\Users\jaykh\Downloads\abhijith_gui_update\Speech-Processing-Project-jay-working\Microsoft Form based GUI\final_sp_ui\Debug\link.25208-cvtres.write.1.tlog
C:\Users\jaykh\Downloads\abhijith_gui_update\Speech-Processing-Project-jay-working\Microsoft Form based GUI\final_sp_ui\Debug\link.25288.read.1.tlog
C:\Users\jaykh\Downloads\abhijith_gui_update\Speech-Processing-Project-jay-working\Microsoft Form based GUI\final_sp_ui\Debug\link.25288.write.1.tlog
C:\Users\jaykh\Downloads\abhijith_gui_update\Speech-Processing-Project-jay-working\Microsoft Form based GUI\final_sp_ui\Debug\link.25288-cvtres.read.1.tlog
C:\Users\jaykh\Downloads\abhijith_gui_update\Speech-Processing-Project-jay-working\Microsoft Form based GUI\final_sp_ui\Debug\link.25288-cvtres.write.1.tlog
C:\Users\jaykh\Downloads\abhijith_gui_update\Speech-Processing-Project-jay-working\Microsoft Form based GUI\final_sp_ui\Debug\link.2744.read.1.tlog
C:\Users\jaykh\Downloads\abhijith_gui_update\Speech-Processing-Project-jay-working\Microsoft Form based GUI\final_sp_ui\Debug\link.2744.write.1.tlog
C:\Users\jaykh\Downloads\abhijith_gui_update\Speech-Processing-Project-jay-working\Microsoft Form based GUI\final_sp_ui\Debug\link.2744-cvtres.read.1.tlog
C:\Users\jaykh\Downloads\abhijith_gui_update\Speech-Processing-Project-jay-working\Microsoft Form based GUI\final_sp_ui\Debug\link.2744-cvtres.write.1.tlog
C:\Users\jaykh\Downloads\abhijith_gui_update\Speech-Processing-Project-jay-working\Microsoft Form based GUI\final_sp_ui\Debug\link.2792.read.1.tlog
C:\Users\jaykh\Downloads\abhijith_gui_update\Speech-Processing-Project-jay-working\Microsoft Form based GUI\final_sp_ui\Debug\link.2792.write.1.tlog
C:\Users\jaykh\Downloads\abhijith_gui_update\Speech-Processing-Project-jay-working\Microsoft Form based GUI\final_sp_ui\Debug\link.2792-cvtres.read.1.tlog
C:\Users\jaykh\Downloads\abhijith_gui_update\Speech-Processing-Project-jay-working\Microsoft Form based GUI\final_sp_ui\Debug\link.2792-cvtres.write.1.tlog
C:\Users\jaykh\Downloads\abhijith_gui_update\Speech-Processing-Project-jay-working\Microsoft Form based GUI\final_sp_ui\Debug\link.2972.read.1.tlog
C:\Users\jaykh\Downloads\abhijith_gui_update\Speech-Processing-Project-jay-working\Microsoft Form based GUI\final_sp_ui\Debug\link.2972.read.2.tlog
C:\Users\jaykh\Downloads\abhijith_gui_update\Speech-Processing-Project-jay-working\Microsoft Form based GUI\final_sp_ui\Debug\link.2972.write.1.tlog
C:\Users\jaykh\Downloads\abhijith_gui_update\Speech-Processing-Project-jay-working\Microsoft Form based GUI\final_sp_ui\Debug\link.2972-cvtres.read.1.tlog
C:\Users\jaykh\Downloads\abhijith_gui_update\Speech-Processing-Project-jay-working\Microsoft Form based GUI\final_sp_ui\Debug\link.2972-cvtres.write.1.tlog
C:\Users\jaykh\Downloads\abhijith_gui_update\Speech-Processing-Project-jay-working\Microsoft Form based GUI\final_sp_ui\Debug\link.3024.read.1.tlog
C:\Users\jaykh\Downloads\abhijith_gui_update\Speech-Processing-Project-jay-working\Microsoft Form based GUI\final_sp_ui\Debug\link.3024.read.2.tlog
C:\Users\jaykh\Downloads\abhijith_gui_update\Speech-Processing-Project-jay-working\Microsoft Form based GUI\final_sp_ui\Debug\link.3024.write.1.tlog
C:\Users\jaykh\Downloads\abhijith_gui_update\Speech-Processing-Project-jay-working\Microsoft Form based GUI\final_sp_ui\Debug\link.3024-cvtres.read.1.tlog
C:\Users\jaykh\Downloads\abhijith_gui_update\Speech-Processing-Project-jay-working\Microsoft Form based GUI\final_sp_ui\Debug\link.3024-cvtres.write.1.tlog
C:\Users\jaykh\Downloads\abhijith_gui_update\Speech-Processing-Project-jay-working\Microsoft Form based GUI\final_sp_ui\Debug\link.3320.read.1.tlog
C:\Users\jaykh\Downloads\abhijith_gui_update\Speech-Processing-Project-jay-working\Microsoft Form based GUI\final_sp_ui\Debug\link.3320.write.1.tlog
C:\Users\jaykh\Downloads\abhijith_gui_update\Speech-Processing-Project-jay-working\Microsoft Form based GUI\final_sp_ui\Debug\link.3320-cvtres.read.1.tlog
C:\Users\jaykh\Downloads\abhijith_gui_update\Speech-Processing-Project-jay-working\Microsoft Form based GUI\final_sp_ui\Debug\link.3320-cvtres.write.1.tlog
C:\Users\jaykh\Downloads\abhijith_gui_update\Speech-Processing-Project-jay-working\Microsoft Form based GUI\final_sp_ui\Debug\link.3716.read.1.tlog
C:\Users\jaykh\Downloads\abhijith_gui_update\Speech-Processing-Project-jay-working\Microsoft Form based GUI\final_sp_ui\Debug\link.3716.read.2.tlog
C:\Users\jaykh\Downloads\abhijith_gui_update\Speech-Processing-Project-jay-working\Microsoft Form based GUI\final_sp_ui\Debug\link.3716.write.1.tlog
C:\Users\jaykh\Downloads\abhijith_gui_update\Speech-Processing-Project-jay-working\Microsoft Form based GUI\final_sp_ui\Debug\link.3716-cvtres.read.1.tlog
C:\Users\jaykh\Downloads\abhijith_gui_update\Speech-Processing-Project-jay-working\Microsoft Form based GUI\final_sp_ui\Debug\link.3716-cvtres.write.1.tlog
C:\Users\jaykh\Downloads\abhijith_gui_update\Speech-Processing-Project-jay-working\Microsoft Form based GUI\final_sp_ui\Debug\link.3832.read.1.tlog
C:\Users\jaykh\Downloads\abhijith_gui_update\Speech-Processing-Project-jay-working\Microsoft Form based GUI\final_sp_ui\Debug\link.3832.read.2.tlog
C:\Users\jaykh\Downloads\abhijith_gui_update\Speech-Processing-Project-jay-working\Microsoft Form based GUI\final_sp_ui\Debug\link.3832.write.1.tlog
C:\Users\jaykh\Downloads\abhijith_gui_update\Speech-Processing-Project-jay-working\Microsoft Form based GUI\final_sp_ui\Debug\link.3832-cvtres.read.1.tlog
C:\Users\jaykh\Downloads\abhijith_gui_update\Speech-Processing-Project-jay-working\Microsoft Form based GUI\final_sp_ui\Debug\link.3832-cvtres.write.1.tlog
C:\Users\jaykh\Downloads\abhijith_gui_update\Speech-Processing-Project-jay-working\Microsoft Form based GUI\final_sp_ui\Debug\link.4072.read.1.tlog
C:\Users\jaykh\Downloads\abhijith_gui_update\Speech-Processing-Project-jay-working\Microsoft Form based GUI\final_sp_ui\Debug\link.4072.write.1.tlog
C:\Users\jaykh\Downloads\abhijith_gui_update\Speech-Processing-Project-jay-working\Microsoft Form based GUI\final_sp_ui\Debug\link.4072-cvtres.read.1.tlog
C:\Users\jaykh\Downloads\abhijith_gui_update\Speech-Processing-Project-jay-working\Microsoft Form based GUI\final_sp_ui\Debug\link.4072-cvtres.write.1.tlog
C:\Users\jaykh\Downloads\abhijith_gui_update\Speech-Processing-Project-jay-working\Microsoft Form based GUI\final_sp_ui\Debug\link.4216.read.1.tlog
C:\Users\jaykh\Downloads\abhijith_gui_update\Speech-Processing-Project-jay-working\Microsoft Form based GUI\final_sp_ui\Debug\link.4216.write.1.tlog
C:\Users\jaykh\Downloads\abhijith_gui_update\Speech-Processing-Project-jay-working\Microsoft Form based GUI\final_sp_ui\Debug\link.4216-cvtres.read.1.tlog
C:\Users\jaykh\Downloads\abhijith_gui_update\Speech-Processing-Project-jay-working\Microsoft Form based GUI\final_sp_ui\Debug\link.4216-cvtres.write.1.tlog
C:\Users\jaykh\Downloads\abhijith_gui_update\Speech-Processing-Project-jay-working\Microsoft Form based GUI\final_sp_ui\Debug\link.4720.read.1.tlog
C:\Users\jaykh\Downloads\abhijith_gui_update\Speech-Processing-Project-jay-working\Microsoft Form based GUI\final_sp_ui\Debug\link.4720.read.2.tlog
C:\Users\jaykh\Downloads\abhijith_gui_update\Speech-Processing-Project-jay-working\Microsoft Form based GUI\final_sp_ui\Debug\link.4720.write.1.tlog
C:\Users\jaykh\Downloads\abhijith_gui_update\Speech-Processing-Project-jay-working\Microsoft Form based GUI\final_sp_ui\Debug\link.4720-cvtres.read.1.tlog
C:\Users\jaykh\Downloads\abhijith_gui_update\Speech-Processing-Project-jay-working\Microsoft Form based GUI\final_sp_ui\Debug\link.4720-cvtres.write.1.tlog
C:\Users\jaykh\Downloads\abhijith_gui_update\Speech-Processing-Project-jay-working\Microsoft Form based GUI\final_sp_ui\Debug\link.4916.read.1.tlog
C:\Users\jaykh\Downloads\abhijith_gui_update\Speech-Processing-Project-jay-working\Microsoft Form based GUI\final_sp_ui\Debug\link.4916.write.1.tlog
C:\Users\jaykh\Downloads\abhijith_gui_update\Speech-Processing-Project-jay-working\Microsoft Form based GUI\final_sp_ui\Debug\link.4916-cvtres.read.1.tlog
C:\Users\jaykh\Downloads\abhijith_gui_update\Speech-Processing-Project-jay-working\Microsoft Form based GUI\final_sp_ui\Debug\link.4916-cvtres.write.1.tlog
C:\Users\jaykh\Downloads\abhijith_gui_update\Speech-Processing-Project-jay-working\Microsoft Form based GUI\final_sp_ui\Debug\link.5340.read.1.tlog
C:\Users\jaykh\Downloads\abhijith_gui_update\Speech-Processing-Project-jay-working\Microsoft Form based GUI\final_sp_ui\Debug\link.5340.write.1.tlog
C:\Users\jaykh\Downloads\abhijith_gui_update\Speech-Processing-Project-jay-working\Microsoft Form based GUI\final_sp_ui\Debug\link.5340-cvtres.read.1.tlog
C:\Users\jaykh\Downloads\abhijith_gui_update\Speech-Processing-Project-jay-working\Microsoft Form based GUI\final_sp_ui\Debug\link.5340-cvtres.write.1.tlog
C:\Users\jaykh\Downloads\abhijith_gui_update\Speech-Processing-Project-jay-working\Microsoft Form based GUI\final_sp_ui\Debug\link.5528.read.1.tlog
C:\Users\jaykh\Downloads\abhijith_gui_update\Speech-Processing-Project-jay-working\Microsoft Form based GUI\final_sp_ui\Debug\link.5528.write.1.tlog
C:\Users\jaykh\Downloads\abhijith_gui_update\Speech-Processing-Project-jay-working\Microsoft Form based GUI\final_sp_ui\Debug\link.5528-cvtres.read.1.tlog
C:\Users\jaykh\Downloads\abhijith_gui_update\Speech-Processing-Project-jay-working\Microsoft Form based GUI\final_sp_ui\Debug\link.5528-cvtres.write.1.tlog
C:\Users\jaykh\Downloads\abhijith_gui_update\Speech-Processing-Project-jay-working\Microsoft Form based GUI\final_sp_ui\Debug\link.556.read.1.tlog
C:\Users\jaykh\Downloads\abhijith_gui_update\Speech-Processing-Project-jay-working\Microsoft Form based GUI\final_sp_ui\Debug\link.556.read.2.tlog
C:\Users\jaykh\Downloads\abhijith_gui_update\Speech-Processing-Project-jay-working\Microsoft Form based GUI\final_sp_ui\Debug\link.556.write.1.tlog
C:\Users\jaykh\Downloads\abhijith_gui_update\Speech-Processing-Project-jay-working\Microsoft Form based GUI\final_sp_ui\Debug\link.556-cvtres.read.1.tlog
C:\Users\jaykh\Downloads\abhijith_gui_update\Speech-Processing-Project-jay-working\Microsoft Form based GUI\final_sp_ui\Debug\link.556-cvtres.write.1.tlog
C:\Users\jaykh\Downloads\abhijith_gui_update\Speech-Processing-Project-jay-working\Microsoft Form based GUI\final_sp_ui\Debug\link.5888.read.1.tlog
C:\Users\jaykh\Downloads\abhijith_gui_update\Speech-Processing-Project-jay-working\Microsoft Form based GUI\final_sp_ui\Debug\link.5888.read.2.tlog
C:\Users\jaykh\Downloads\abhijith_gui_update\Speech-Processing-Project-jay-working\Microsoft Form based GUI\final_sp_ui\Debug\link.5888.write.1.tlog
C:\Users\jaykh\Downloads\abhijith_gui_update\Speech-Processing-Project-jay-working\Microsoft Form based GUI\final_sp_ui\Debug\link.5888-cvtres.read.1.tlog
C:\Users\jaykh\Downloads\abhijith_gui_update\Speech-Processing-Project-jay-working\Microsoft Form based GUI\final_sp_ui\Debug\link.5888-cvtres.write.1.tlog
C:\Users\jaykh\Downloads\abhijith_gui_update\Speech-Processing-Project-jay-working\Microsoft Form based GUI\final_sp_ui\Debug\link.5896.read.1.tlog
C:\Users\jaykh\Downloads\abhijith_gui_update\Speech-Processing-Project-jay-working\Microsoft Form based GUI\final_sp_ui\Debug\link.5896.write.1.tlog
C:\Users\jaykh\Downloads\abhijith_gui_update\Speech-Processing-Project-jay-working\Microsoft Form based GUI\final_sp_ui\Debug\link.5896-cvtres.read.1.tlog
C:\Users\jaykh\Downloads\abhijith_gui_update\Speech-Processing-Project-jay-working\Microsoft Form based GUI\final_sp_ui\Debug\link.5896-cvtres.write.1.tlog
C:\Users\jaykh\Downloads\abhijith_gui_update\Speech-Processing-Project-jay-working\Microsoft Form based GUI\final_sp_ui\Debug\link.6920.read.1.tlog
C:\Users\jaykh\Downloads\abhijith_gui_update\Speech-Processing-Project-jay-working\Microsoft Form based GUI\final_sp_ui\Debug\link.6920.write.1.tlog
C:\Users\jaykh\Downloads\abhijith_gui_update\Speech-Processing-Project-jay-working\Microsoft Form based GUI\final_sp_ui\Debug\link.6920-cvtres.read.1.tlog
C:\Users\jaykh\Downloads\abhijith_gui_update\Speech-Processing-Project-jay-working\Microsoft Form based GUI\final_sp_ui\Debug\link.6920-cvtres.write.1.tlog
C:\Users\jaykh\Downloads\abhijith_gui_update\Speech-Processing-Project-jay-working\Microsoft Form based GUI\final_sp_ui\Debug\link.7552.read.1.tlog
C:\Users\jaykh\Downloads\abhijith_gui_update\Speech-Processing-Project-jay-working\Microsoft Form based GUI\final_sp_ui\Debug\link.7552.write.1.tlog
C:\Users\jaykh\Downloads\abhijith_gui_update\Speech-Processing-Project-jay-working\Microsoft Form based GUI\final_sp_ui\Debug\link.7552-cvtres.read.1.tlog
C:\Users\jaykh\Downloads\abhijith_gui_update\Speech-Processing-Project-jay-working\Microsoft Form based GUI\final_sp_ui\Debug\link.7552-cvtres.write.1.tlog
C:\Users\jaykh\Downloads\abhijith_gui_update\Speech-Processing-Project-jay-working\Microsoft Form based GUI\final_sp_ui\Debug\link.7712.read.1.tlog
C:\Users\jaykh\Downloads\abhijith_gui_update\Speech-Processing-Project-jay-working\Microsoft Form based GUI\final_sp_ui\Debug\link.7712.write.1.tlog
C:\Users\jaykh\Downloads\abhijith_gui_update\Speech-Processing-Project-jay-working\Microsoft Form based GUI\final_sp_ui\Debug\link.7712-cvtres.read.1.tlog
C:\Users\jaykh\Downloads\abhijith_gui_update\Speech-Processing-Project-jay-working\Microsoft Form based GUI\final_sp_ui\Debug\link.7712-cvtres.write.1.tlog
C:\Users\jaykh\Downloads\abhijith_gui_update\Speech-Processing-Project-jay-working\Microsoft Form based GUI\final_sp_ui\Debug\link.7808.read.1.tlog
C:\Users\jaykh\Downloads\abhijith_gui_update\Speech-Processing-Project-jay-working\Microsoft Form based GUI\final_sp_ui\Debug\link.7808.read.2.tlog
C:\Users\jaykh\Downloads\abhijith_gui_update\Speech-Processing-Project-jay-working\Microsoft Form based GUI\final_sp_ui\Debug\link.7808.write.1.tlog
C:\Users\jaykh\Downloads\abhijith_gui_update\Speech-Processing-Project-jay-working\Microsoft Form based GUI\final_sp_ui\Debug\link.7808-cvtres.read.1.tlog
C:\Users\jaykh\Downloads\abhijith_gui_update\Speech-Processing-Project-jay-working\Microsoft Form based GUI\final_sp_ui\Debug\link.7808-cvtres.write.1.tlog
C:\Users\jaykh\Downloads\abhijith_gui_update\Speech-Processing-Project-jay-working\Microsoft Form based GUI\final_sp_ui\Debug\link.7984.read.1.tlog
C:\Users\jaykh\Downloads\abhijith_gui_update\Speech-Processing-Project-jay-working\Microsoft Form based GUI\final_sp_ui\Debug\link.7984.write.1.tlog
C:\Users\jaykh\Downloads\abhijith_gui_update\Speech-Processing-Project-jay-working\Microsoft Form based GUI\final_sp_ui\Debug\link.7984-cvtres.read.1.tlog
C:\Users\jaykh\Downloads\abhijith_gui_update\Speech-Processing-Project-jay-working\Microsoft Form based GUI\final_sp_ui\Debug\link.7984-cvtres.write.1.tlog
C:\Users\jaykh\Downloads\abhijith_gui_update\Speech-Processing-Project-jay-working\Microsoft Form based GUI\final_sp_ui\Debug\link.8228.read.1.tlog
C:\Users\jaykh\Downloads\abhijith_gui_update\Speech-Processing-Project-jay-working\Microsoft Form based GUI\final_sp_ui\Debug\link.8228.write.1.tlog
C:\Users\jaykh\Downloads\abhijith_gui_update\Speech-Processing-Project-jay-working\Microsoft Form based GUI\final_sp_ui\Debug\link.8228-cvtres.read.1.tlog
C:\Users\jaykh\Downloads\abhijith_gui_update\Speech-Processing-Project-jay-working\Microsoft Form based GUI\final_sp_ui\Debug\link.8228-cvtres.write.1.tlog
C:\Users\jaykh\Downloads\abhijith_gui_update\Speech-Processing-Project-jay-working\Microsoft Form based GUI\final_sp_ui\Debug\link.8332.read.1.tlog
C:\Users\jaykh\Downloads\abhijith_gui_update\Speech-Processing-Project-jay-working\Microsoft Form based GUI\final_sp_ui\Debug\link.8332.write.1.tlog
C:\Users\jaykh\Downloads\abhijith_gui_update\Speech-Processing-Project-jay-working\Microsoft Form based GUI\final_sp_ui\Debug\link.8332-cvtres.read.1.tlog
C:\Users\jaykh\Downloads\abhijith_gui_update\Speech-Processing-Project-jay-working\Microsoft Form based GUI\final_sp_ui\Debug\link.8332-cvtres.write.1.tlog
C:\Users\jaykh\Downloads\abhijith_gui_update\Speech-Processing-Project-jay-working\Microsoft Form based GUI\final_sp_ui\Debug\link.8504.read.1.tlog
C:\Users\jaykh\Downloads\abhijith_gui_update\Speech-Processing-Project-jay-working\Microsoft Form based GUI\final_sp_ui\Debug\link.8504.write.1.tlog
C:\Users\jaykh\Downloads\abhijith_gui_update\Speech-Processing-Project-jay-working\Microsoft Form based GUI\final_sp_ui\Debug\link.8504-cvtres.read.1.tlog
C:\Users\jaykh\Downloads\abhijith_gui_update\Speech-Processing-Project-jay-working\Microsoft Form based GUI\final_sp_ui\Debug\link.8504-cvtres.write.1.tlog
C:\Users\jaykh\Downloads\abhijith_gui_update\Speech-Processing-Project-jay-working\Microsoft Form based GUI\final_sp_ui\Debug\link.8524.read.1.tlog
C:\Users\jaykh\Downloads\abhijith_gui_update\Speech-Processing-Project-jay-working\Microsoft Form based GUI\final_sp_ui\Debug\link.8524.write.1.tlog
C:\Users\jaykh\Downloads\abhijith_gui_update\Speech-Processing-Project-jay-working\Microsoft Form based GUI\final_sp_ui\Debug\link.8524-cvtres.read.1.tlog
C:\Users\jaykh\Downloads\abhijith_gui_update\Speech-Processing-Project-jay-working\Microsoft Form based GUI\final_sp_ui\Debug\link.8524-cvtres.write.1.tlog
C:\Users\jaykh\Downloads\abhijith_gui_update\Speech-Processing-Project-jay-working\Microsoft Form based GUI\final_sp_ui\Debug\link.8588.read.1.tlog
C:\Users\jaykh\Downloads\abhijith_gui_update\Speech-Processing-Project-jay-working\Microsoft Form based GUI\final_sp_ui\Debug\link.8588.read.2.tlog
C:\Users\jaykh\Downloads\abhijith_gui_update\Speech-Processing-Project-jay-working\Microsoft Form based GUI\final_sp_ui\Debug\link.8588.write.1.tlog
C:\Users\jaykh\Downloads\abhijith_gui_update\Speech-Processing-Project-jay-working\Microsoft Form based GUI\final_sp_ui\Debug\link.8588-cvtres.read.1.tlog
C:\Users\jaykh\Downloads\abhijith_gui_update\Speech-Processing-Project-jay-working\Microsoft Form based GUI\final_sp_ui\Debug\link.8588-cvtres.write.1.tlog
C:\Users\jaykh\Downloads\abhijith_gui_update\Speech-Processing-Project-jay-working\Microsoft Form based GUI\final_sp_ui\Debug\link.8676.read.1.tlog
C:\Users\jaykh\Downloads\abhijith_gui_update\Speech-Processing-Project-jay-working\Microsoft Form based GUI\final_sp_ui\Debug\link.8676.write.1.tlog
C:\Users\jaykh\Downloads\abhijith_gui_update\Speech-Processing-Project-jay-working\Microsoft Form based GUI\final_sp_ui\Debug\link.8676-cvtres.read.1.tlog
C:\Users\jaykh\Downloads\abhijith_gui_update\Speech-Processing-Project-jay-working\Microsoft Form based GUI\final_sp_ui\Debug\link.8676-cvtres.write.1.tlog
C:\Users\jaykh\Downloads\abhijith_gui_update\Speech-Processing-Project-jay-working\Microsoft Form based GUI\final_sp_ui\Debug\link.8792.read.1.tlog
C:\Users\jaykh\Downloads\abhijith_gui_update\Speech-Processing-Project-jay-working\Microsoft Form based GUI\final_sp_ui\Debug\link.8792.write.1.tlog
C:\Users\jaykh\Downloads\abhijith_gui_update\Speech-Processing-Project-jay-working\Microsoft Form based GUI\final_sp_ui\Debug\link.8792-cvtres.read.1.tlog
C:\Users\jaykh\Downloads\abhijith_gui_update\Speech-Processing-Project-jay-working\Microsoft Form based GUI\final_sp_ui\Debug\link.8792-cvtres.write.1.tlog
C:\Users\jaykh\Downloads\abhijith_gui_update\Speech-Processing-Project-jay-working\Microsoft Form based GUI\final_sp_ui\Debug\link.8824.read.1.tlog
C:\Users\jaykh\Downloads\abhijith_gui_update\Speech-Processing-Project-jay-working\Microsoft Form based GUI\final_sp_ui\Debug\link.8824.write.1.tlog
C:\Users\jaykh\Downloads\abhijith_gui_update\Speech-Processing-Project-jay-working\Microsoft Form based GUI\final_sp_ui\Debug\link.8824-cvtres.read.1.tlog
C:\Users\jaykh\Downloads\abhijith_gui_update\Speech-Processing-Project-jay-working\Microsoft Form based GUI\final_sp_ui\Debug\link.8824-cvtres.write.1.tlog
C:\Users\jaykh\Downloads\abhijith_gui_update\Speech-Processing-Project-jay-working\Microsoft Form based GUI\final_sp_ui\Debug\link.9000.read.1.tlog
C:\Users\jaykh\Downloads\abhijith_gui_update\Speech-Processing-Project-jay-working\Microsoft Form based GUI\final_sp_ui\Debug\link.9000.read.2.tlog
C:\Users\jaykh\Downloads\abhijith_gui_update\Speech-Processing-Project-jay-working\Microsoft Form based GUI\final_sp_ui\Debug\link.9000.write.1.tlog
C:\Users\jaykh\Downloads\abhijith_gui_update\Speech-Processing-Project-jay-working\Microsoft Form based GUI\final_sp_ui\Debug\link.9000-cvtres.read.1.tlog
C:\Users\jaykh\Downloads\abhijith_gui_update\Speech-Processing-Project-jay-working\Microsoft Form based GUI\final_sp_ui\Debug\link.9000-cvtres.write.1.tlog
C:\Users\jaykh\Downloads\abhijith_gui_update\Speech-Processing-Project-jay-working\Microsoft Form based GUI\final_sp_ui\Debug\link.9024.read.1.tlog
C:\Users\jaykh\Downloads\abhijith_gui_update\Speech-Processing-Project-jay-working\Microsoft Form based GUI\final_sp_ui\Debug\link.9024.write.1.tlog
C:\Users\jaykh\Downloads\abhijith_gui_update\Speech-Processing-Project-jay-working\Microsoft Form based GUI\final_sp_ui\Debug\link.9024-cvtres.read.1.tlog
C:\Users\jaykh\Downloads\abhijith_gui_update\Speech-Processing-Project-jay-working\Microsoft Form based GUI\final_sp_ui\Debug\link.9024-cvtres.write.1.tlog
C:\Users\jaykh\Downloads\abhijith_gui_update\Speech-Processing-Project-jay-working\Microsoft Form based GUI\final_sp_ui\Debug\link.904.read.1.tlog
C:\Users\jaykh\Downloads\abhijith_gui_update\Speech-Processing-Project-jay-working\Microsoft Form based GUI\final_sp_ui\Debug\link.904.write.1.tlog
C:\Users\jaykh\Downloads\abhijith_gui_update\Speech-Processing-Project-jay-working\Microsoft Form based GUI\final_sp_ui\Debug\link.904-cvtres.read.1.tlog
C:\Users\jaykh\Downloads\abhijith_gui_update\Speech-Processing-Project-jay-working\Microsoft Form based GUI\final_sp_ui\Debug\link.904-cvtres.write.1.tlog
C:\Users\jaykh\Downloads\abhijith_gui_update\Speech-Processing-Project-jay-working\Microsoft Form based GUI\final_sp_ui\Debug\link.9264.read.1.tlog
C:\Users\jaykh\Downloads\abhijith_gui_update\Speech-Processing-Project-jay-working\Microsoft Form based GUI\final_sp_ui\Debug\link.9264.write.1.tlog
C:\Users\jaykh\Downloads\abhijith_gui_update\Speech-Processing-Project-jay-working\Microsoft Form based GUI\final_sp_ui\Debug\link.9264-cvtres.read.1.tlog
C:\Users\jaykh\Downloads\abhijith_gui_update\Speech-Processing-Project-jay-working\Microsoft Form based GUI\final_sp_ui\Debug\link.9264-cvtres.write.1.tlog
C:\Users\jaykh\Downloads\abhijith_gui_update\Speech-Processing-Project-jay-working\Microsoft Form based GUI\final_sp_ui\Debug\link.9416.read.1.tlog
C:\Users\jaykh\Downloads\abhijith_gui_update\Speech-Processing-Project-jay-working\Microsoft Form based GUI\final_sp_ui\Debug\link.9416.read.2.tlog
C:\Users\jaykh\Downloads\abhijith_gui_update\Speech-Processing-Project-jay-working\Microsoft Form based GUI\final_sp_ui\Debug\link.9416.write.1.tlog
C:\Users\jaykh\Downloads\abhijith_gui_update\Speech-Processing-Project-jay-working\Microsoft Form based GUI\final_sp_ui\Debug\link.9416-cvtres.read.1.tlog
C:\Users\jaykh\Downloads\abhijith_gui_update\Speech-Processing-Project-jay-working\Microsoft Form based GUI\final_sp_ui\Debug\link.9416-cvtres.write.1.tlog
C:\Users\jaykh\Downloads\abhijith_gui_update\Speech-Processing-Project-jay-working\Microsoft Form based GUI\final_sp_ui\Debug\link.9760.read.1.tlog
C:\Users\jaykh\Downloads\abhijith_gui_update\Speech-Processing-Project-jay-working\Microsoft Form based GUI\final_sp_ui\Debug\link.9760.write.1.tlog
C:\Users\jaykh\Downloads\abhijith_gui_update\Speech-Processing-Project-jay-working\Microsoft Form based GUI\final_sp_ui\Debug\link.9760-cvtres.read.1.tlog
C:\Users\jaykh\Downloads\abhijith_gui_update\Speech-Processing-Project-jay-working\Microsoft Form based GUI\final_sp_ui\Debug\link.9760-cvtres.write.1.tlog
C:\Users\jaykh\Downloads\abhijith_gui_update\Speech-Processing-Project-jay-working\Microsoft Form based GUI\final_sp_ui\Debug\link.9772.read.1.tlog
C:\Users\jaykh\Downloads\abhijith_gui_update\Speech-Processing-Project-jay-working\Microsoft Form based GUI\final_sp_ui\Debug\link.9772.write.1.tlog
C:\Users\jaykh\Downloads\abhijith_gui_update\Speech-Processing-Project-jay-working\Microsoft Form based GUI\final_sp_ui\Debug\link.9772-cvtres.read.1.tlog
C:\Users\jaykh\Downloads\abhijith_gui_update\Speech-Processing-Project-jay-working\Microsoft Form based GUI\final_sp_ui\Debug\link.9772-cvtres.write.1.tlog
C:\Users\jaykh\Downloads\abhijith_gui_update\Speech-Processing-Project-jay-working\Microsoft Form based GUI\final_sp_ui\Debug\link.9864.read.1.tlog
C:\Users\jaykh\Downloads\abhijith_gui_update\Speech-Processing-Project-jay-working\Microsoft Form based GUI\final_sp_ui\Debug\link.9864.read.2.tlog
C:\Users\jaykh\Downloads\abhijith_gui_update\Speech-Processing-Project-jay-working\Microsoft Form based GUI\final_sp_ui\Debug\link.9864.write.1.tlog
C:\Users\jaykh\Downloads\abhijith_gui_update\Speech-Processing-Project-jay-working\Microsoft Form based GUI\final_sp_ui\Debug\link.9864-cvtres.read.1.tlog
C:\Users\jaykh\Downloads\abhijith_gui_update\Speech-Processing-Project-jay-working\Microsoft Form based GUI\final_sp_ui\Debug\link.9864-cvtres.write.1.tlog
C:\Users\jaykh\Downloads\abhijith_gui_update\Speech-Processing-Project-jay-working\Microsoft Form based GUI\final_sp_ui\Debug\link.command.1.tlog
C:\Users\jaykh\Downloads\abhijith_gui_update\Speech-Processing-Project-jay-working\Microsoft Form based GUI\final_sp_ui\Debug\link.read.1.tlog
C:\Users\jaykh\Downloads\abhijith_gui_update\Speech-Processing-Project-jay-working\Microsoft Form based GUI\final_sp_ui\Debug\link.write.1.tlog
C:\Users\jaykh\Downloads\abhijith_gui_update\Speech-Processing-Project-jay-working\Microsoft Form based GUI\final_sp_ui\Debug\mt.command.1.tlog
C:\Users\jaykh\Downloads\abhijith_gui_update\Speech-Processing-Project-jay-working\Microsoft Form based GUI\final_sp_ui\Debug\mt.read.1.tlog
C:\Users\jaykh\Downloads\abhijith_gui_update\Speech-Processing-Project-jay-working\Microsoft Form based GUI\final_sp_ui\Debug\mt.write.1.tlog
C:\Users\jaykh\Downloads\abhijith_gui_update\Speech-Processing-Project-jay-working\Microsoft Form based GUI\final_sp_ui\Debug\rc.command.1.tlog
C:\Users\jaykh\Downloads\abhijith_gui_update\Speech-Processing-Project-jay-working\Microsoft Form based GUI\final_sp_ui\Debug\rc.read.1.tlog
C:\Users\jaykh\Downloads\abhijith_gui_update\Speech-Processing-Project-jay-working\Microsoft Form based GUI\final_sp_ui\Debug\rc.write.1.tlog
C:\USERS\JAYKH\DOWNLOADS\ABHIJITH_GUI_UPDATE\SPEECH-PROCESSING-PROJECT-JAY-WORKING\MICROSOFT FORM BASED GUI\FINAL_SP_UI\DEBUG\STDAFX.OBJ
C:\USERS\JAYKH\DOWNLOADS\ABHIJITH_GUI_UPDATE\SPEECH-PROCESSING-PROJECT-JAY-WORKING\MICROSOFT FORM BASED GUI\FINAL_SP_UI\DEBUG\VC100.PDB
D:\SPEECH-PROCESSING-PROJECT-JAY-WORKING\MICROSOFT FORM BASED GUI\DEBUG\FINAL_SP_UI.EXE
D:\SPEECH-PROCESSING-PROJECT-JAY-WORKING\MICROSOFT FORM BASED GUI\DEBUG\FINAL_SP_UI.ILK
D:\SPEECH-PROCESSING-PROJECT-JAY-WORKING\MICROSOFT FORM BASED GUI\DEBUG\FINAL_SP_UI.PDB
D:\SPEECH-PROCESSING-PROJECT-JAY-WORKING\MICROSOFT FORM BASED GUI\FINAL_SP_UI\DEBUG\.NETFRAMEWORK,VERSION=V4.0.ASSEMBLYATTRIBUTES.OBJ
D:\SPEECH-PROCESSING-PROJECT-JAY-WORKING\MICROSOFT FORM BASED GUI\FINAL_SP_UI\DEBUG\APP.RES
D:\SPEECH-PROCESSING-PROJECT-JAY-WORKING\MICROSOFT FORM BASED GUI\FINAL_SP_UI\DEBUG\ASSEMBLYINFO.OBJ
D:\SPEECH-PROCESSING-PROJECT-JAY-WORKING\MICROSOFT FORM BASED GUI\FINAL_SP_UI\DEBUG\FINAL_SP_UI.EXE.INTERMEDIATE.MANIFEST
D:\SPEECH-PROCESSING-PROJECT-JAY-WORKING\MICROSOFT FORM BASED GUI\FINAL_SP_UI\DEBUG\FINAL_SP_UI.OBJ
D:\SPEECH-PROCESSING-PROJECT-JAY-WORKING\MICROSOFT FORM BASED GUI\FINAL_SP_UI\DEBUG\FINAL_SP_UI.PCH
D:\SPEECH-PROCESSING-PROJECT-JAY-WORKING\MICROSOFT FORM BASED GUI\FINAL_SP_UI\DEBUG\STDAFX.OBJ
D:\SPEECH-PROCESSING-PROJECT-JAY-WORKING\MICROSOFT FORM BASED GUI\FINAL_SP_UI\DEBUG\VC100.PDB
